D C:\EAGLE-7.1.0
F 1357524240 1810 C:\EAGLE-7.1.0\bin\designlink22.png
F 1375841100 44348 C:\EAGLE-7.1.0\bin\eagle.def
F 1407726060 14884864 C:\EAGLE-7.1.0\bin\eagle.exe
F 1407726060 871263 C:\EAGLE-7.1.0\bin\eagle_de.htm
F 1407726060 387965 C:\EAGLE-7.1.0\bin\eagle_de.qm
F 1407726060 785750 C:\EAGLE-7.1.0\bin\eagle_en.htm
F 1405306800 318264 C:\EAGLE-7.1.0\bin\eagle_hu.qm
F 1405306800 235009 C:\EAGLE-7.1.0\bin\eagle_zh.qm
F 1407726060 4111 C:\EAGLE-7.1.0\bin\freeware.key
F 840412260 798 C:\EAGLE-7.1.0\bin\layers.new
F 1323738720 808 C:\EAGLE-7.1.0\bin\ltspice.png
F 1326333660 471 C:\EAGLE-7.1.0\bin\pads-pcb.png
F 1292202660 603 C:\EAGLE-7.1.0\bin\pcb-service.png
F 1208739600 1768 C:\EAGLE-7.1.0\bin\platforms-lin.png
F 1208739600 1907 C:\EAGLE-7.1.0\bin\platforms-mac.png
F 1208739600 2019 C:\EAGLE-7.1.0\bin\platforms-win.png
F 1405306800 325046 C:\EAGLE-7.1.0\bin\qt_de.qm
F 1405306800 272162 C:\EAGLE-7.1.0\bin\qt_hu.qm
F 1405306800 117337 C:\EAGLE-7.1.0\bin\qt_zh_CN.qm
F 1405306800 117253 C:\EAGLE-7.1.0\bin\qt_zh_TW.qm
F 1165968980 583 C:\EAGLE-7.1.0\bin\uninstall.bat
F 829525800 103152 C:\EAGLE-7.1.0\bin\update26.exe
F 1165968980 420 C:\EAGLE-7.1.0\cam\DESCRIPTION
F 1165968980 1487 C:\EAGLE-7.1.0\cam\excellon.cam
F 1269911280 9991 C:\EAGLE-7.1.0\cam\gerb274x-4layer.cam
F 1269911280 5076 C:\EAGLE-7.1.0\cam\gerb274x.cam
F 1269911280 6625 C:\EAGLE-7.1.0\cam\gerber.cam
F 829525800 921 C:\EAGLE-7.1.0\cam\glaser.whl
F 1269911280 2118 C:\EAGLE-7.1.0\cam\layout2.cam
F 1165968980 1716 C:\EAGLE-7.1.0\cam\schematic.cam
F 1323738720 835035 C:\EAGLE-7.1.0\doc\connect-device-split-symbol-de.pdf
F 1323738720 829216 C:\EAGLE-7.1.0\doc\connect-device-split-symbol-en.pdf
F 1401674760 21361 C:\EAGLE-7.1.0\doc\eagle.dtd
F 1405306800 249124 C:\EAGLE-7.1.0\doc\EagleIDFExporterInstructions.pdf
F 1263258420 4932093 C:\EAGLE-7.1.0\doc\elektro-tutorial.pdf
F 1375841100 103534 C:\EAGLE-7.1.0\doc\layer-setup_designrules.pdf
F 1208739600 1657 C:\EAGLE-7.1.0\doc\library_de.txt
F 1208739600 1676 C:\EAGLE-7.1.0\doc\library_en.txt
F 1407726060 30256 C:\EAGLE-7.1.0\doc\license_de.txt
F 1407726060 24188 C:\EAGLE-7.1.0\doc\license_en.txt
F 1323738720 1283566 C:\EAGLE-7.1.0\doc\make-symbol-device-package-bsdl-2011-de.pdf
F 1323738720 1280752 C:\EAGLE-7.1.0\doc\make-symbol-device-package-bsdl-2011-en.pdf
F 1407726060 6108547 C:\EAGLE-7.1.0\doc\manual_de.pdf
F 1407726060 5839230 C:\EAGLE-7.1.0\doc\manual_en.pdf
F 1334282520 4932329 C:\EAGLE-7.1.0\doc\manual_zh.pdf
F 1405306800 4450 C:\EAGLE-7.1.0\doc\README_de.txt
F 1405306800 4488 C:\EAGLE-7.1.0\doc\README_en.txt
F 1407726060 1124222 C:\EAGLE-7.1.0\doc\tutorial_de.pdf
F 1407726060 1142661 C:\EAGLE-7.1.0\doc\tutorial_en.pdf
F 1334282520 942580 C:\EAGLE-7.1.0\doc\tutorial_zh.pdf
F 1407726060 395625 C:\EAGLE-7.1.0\doc\UPDATE_de.txt
F 1407726060 337579 C:\EAGLE-7.1.0\doc\UPDATE_en.txt
F 1165968980 2343 C:\EAGLE-7.1.0\dru\default.dru
F 1165968980 656 C:\EAGLE-7.1.0\dru\DESCRIPTION
F 1349661780 799111 C:\EAGLE-7.1.0\lbr\19inch.lbr
F 1323738720 378599 C:\EAGLE-7.1.0\lbr\40xx.lbr
F 1323738720 29123 C:\EAGLE-7.1.0\lbr\41xx.lbr
F 1323738720 234905 C:\EAGLE-7.1.0\lbr\45xx.lbr
F 1323738720 388496 C:\EAGLE-7.1.0\lbr\74ac-logic.lbr
F 1401674760 1749923 C:\EAGLE-7.1.0\lbr\74ttl-din.lbr
F 1401674760 1278778 C:\EAGLE-7.1.0\lbr\74xx-eu.lbr
F 1401674760 86071 C:\EAGLE-7.1.0\lbr\74xx-little-de.lbr
F 1401674760 78301 C:\EAGLE-7.1.0\lbr\74xx-little-us.lbr
F 1401674760 1267561 C:\EAGLE-7.1.0\lbr\74xx-us.lbr
F 1323738720 80088 C:\EAGLE-7.1.0\lbr\751xx.lbr
F 1401674760 57474 C:\EAGLE-7.1.0\lbr\advanced-test-technologies.lbr
F 1323738720 29115 C:\EAGLE-7.1.0\lbr\agilent-technologies.lbr
F 1401674760 140315 C:\EAGLE-7.1.0\lbr\allegro.lbr
F 1323738720 1465950 C:\EAGLE-7.1.0\lbr\altera-cyclone-II.lbr
F 1323738720 267853 C:\EAGLE-7.1.0\lbr\altera-cyclone-III.lbr
F 1323738720 6541311 C:\EAGLE-7.1.0\lbr\altera-stratix-iv.lbr
F 1323738720 2720071 C:\EAGLE-7.1.0\lbr\altera.lbr
F 1323738720 271321 C:\EAGLE-7.1.0\lbr\am29-memory.lbr
F 1323738720 689939 C:\EAGLE-7.1.0\lbr\amd-mach.lbr
F 1323738720 22450 C:\EAGLE-7.1.0\lbr\amd.lbr
F 1323738720 14068 C:\EAGLE-7.1.0\lbr\amis.lbr
F 1323738720 2095916 C:\EAGLE-7.1.0\lbr\analog-devices.lbr
F 1375841100 43645 C:\EAGLE-7.1.0\lbr\aplus.lbr
F 1323738720 23090 C:\EAGLE-7.1.0\lbr\ase.lbr
F 1401674760 1162983 C:\EAGLE-7.1.0\lbr\atmel.lbr
F 1401674760 17432 C:\EAGLE-7.1.0\lbr\austriamicrosystems.lbr
F 1334282520 45404 C:\EAGLE-7.1.0\lbr\avago.lbr
F 1323738720 28144 C:\EAGLE-7.1.0\lbr\axis.lbr
F 1407726060 190300 C:\EAGLE-7.1.0\lbr\battery.lbr
F 1401674760 29385 C:\EAGLE-7.1.0\lbr\belton-engineering.lbr
F 1323738720 1119505 C:\EAGLE-7.1.0\lbr\burr-brown.lbr
F 1323738720 85714 C:\EAGLE-7.1.0\lbr\busbar.lbr
F 1323738720 104581 C:\EAGLE-7.1.0\lbr\buzzer.lbr
F 1323738720 22454 C:\EAGLE-7.1.0\lbr\c-trimm.lbr
F 1323738720 10472 C:\EAGLE-7.1.0\lbr\california-micro-devices.lbr
F 1323738720 92918 C:\EAGLE-7.1.0\lbr\capacitor-wima.lbr
F 1407726060 221947 C:\EAGLE-7.1.0\lbr\ChangeLog.txt
F 1323738720 60095 C:\EAGLE-7.1.0\lbr\chipcard-siemens.lbr
F 1334282520 25039 C:\EAGLE-7.1.0\lbr\cirrus-logic.lbr
F 1401674760 1375159 C:\EAGLE-7.1.0\lbr\con-3m.lbr
F 1323738720 9695 C:\EAGLE-7.1.0\lbr\con-4ucon.lbr
F 1323738720 368370 C:\EAGLE-7.1.0\lbr\con-amp-champ.lbr
F 1323738720 57287 C:\EAGLE-7.1.0\lbr\con-amp-micromatch.lbr
F 1323738720 502218 C:\EAGLE-7.1.0\lbr\con-amp-mt.lbr
F 1323738720 121194 C:\EAGLE-7.1.0\lbr\con-amp-mt6.lbr
F 1323738720 761006 C:\EAGLE-7.1.0\lbr\con-amp-quick.lbr
F 1401674760 237083 C:\EAGLE-7.1.0\lbr\con-amp-te.lbr
F 1401674760 3954323 C:\EAGLE-7.1.0\lbr\con-amp.lbr
F 1334282520 110431 C:\EAGLE-7.1.0\lbr\con-amphenol.lbr
F 1323738720 74019 C:\EAGLE-7.1.0\lbr\con-avx.lbr
F 1323738720 31383 C:\EAGLE-7.1.0\lbr\con-berg.lbr
F 1401674760 54835 C:\EAGLE-7.1.0\lbr\con-bosch.lbr
F 1323738720 33599 C:\EAGLE-7.1.0\lbr\con-chipcard-iso7816.lbr
F 1357524240 86807 C:\EAGLE-7.1.0\lbr\con-coax.lbr
F 1323738720 272246 C:\EAGLE-7.1.0\lbr\con-commcon.lbr
F 1401674760 48974 C:\EAGLE-7.1.0\lbr\con-conrad.lbr
F 1323738720 1426084 C:\EAGLE-7.1.0\lbr\con-cpci.lbr
F 1401674760 12254 C:\EAGLE-7.1.0\lbr\con-cui.lbr
F 1401674760 241556 C:\EAGLE-7.1.0\lbr\con-cypressindustries.lbr
F 1323738720 328910 C:\EAGLE-7.1.0\lbr\con-deutsch.lbr
F 1323738720 281085 C:\EAGLE-7.1.0\lbr\con-dil.lbr
F 1401674760 219609 C:\EAGLE-7.1.0\lbr\con-ebyelectro.lbr
F 1323738720 8728 C:\EAGLE-7.1.0\lbr\con-elco.lbr
F 1323738720 276259 C:\EAGLE-7.1.0\lbr\con-erni.lbr
F 1323738720 18440 C:\EAGLE-7.1.0\lbr\con-faston.lbr
F 1323738720 100548 C:\EAGLE-7.1.0\lbr\con-fci.lbr
F 1323738720 8877 C:\EAGLE-7.1.0\lbr\con-friwo.lbr
F 1326333660 198080 C:\EAGLE-7.1.0\lbr\con-garry.lbr
F 1323738720 230820 C:\EAGLE-7.1.0\lbr\con-harting-h.lbr
F 1323738720 510430 C:\EAGLE-7.1.0\lbr\con-harting-ml.lbr
F 1323738720 294139 C:\EAGLE-7.1.0\lbr\con-harting-v.lbr
F 1326333660 324037 C:\EAGLE-7.1.0\lbr\con-harting.lbr
F 1401674760 793680 C:\EAGLE-7.1.0\lbr\con-hirose.lbr
F 1323738720 219319 C:\EAGLE-7.1.0\lbr\con-hirschmann.lbr
F 1323738720 24248 C:\EAGLE-7.1.0\lbr\con-jack.lbr
F 1323738720 74329 C:\EAGLE-7.1.0\lbr\con-jae.lbr
F 1323738720 109191 C:\EAGLE-7.1.0\lbr\con-jst.lbr
F 1401674760 52008 C:\EAGLE-7.1.0\lbr\con-kycon.lbr
F 1401674760 76916 C:\EAGLE-7.1.0\lbr\con-kyocera-elco.lbr
F 1323738720 195113 C:\EAGLE-7.1.0\lbr\con-lemo.lbr
F 1323738720 2906204 C:\EAGLE-7.1.0\lbr\con-leotronics.lbr
F 1323738720 620424 C:\EAGLE-7.1.0\lbr\con-lsta.lbr
F 1323738720 472091 C:\EAGLE-7.1.0\lbr\con-lstb.lbr
F 1349661780 411977 C:\EAGLE-7.1.0\lbr\con-lumberg.lbr
F 1323738720 457509 C:\EAGLE-7.1.0\lbr\con-ml.lbr
F 1401674760 3693924 C:\EAGLE-7.1.0\lbr\con-molex.lbr
F 1323738720 591878 C:\EAGLE-7.1.0\lbr\con-neutrik_ag.lbr
F 1401674760 1072332 C:\EAGLE-7.1.0\lbr\con-omron.lbr
F 1401674760 21807 C:\EAGLE-7.1.0\lbr\con-panasonic.lbr
F 1323738720 146811 C:\EAGLE-7.1.0\lbr\con-panduit.lbr
F 1323738720 738372 C:\EAGLE-7.1.0\lbr\con-pc.lbr
F 1323738720 116098 C:\EAGLE-7.1.0\lbr\con-pc104.lbr
F 1323738720 41262 C:\EAGLE-7.1.0\lbr\con-phoenix-254.lbr
F 1401674760 242510 C:\EAGLE-7.1.0\lbr\con-phoenix-3.81.lbr
F 1401674760 282782 C:\EAGLE-7.1.0\lbr\con-phoenix-350.lbr
F 1401674760 185020 C:\EAGLE-7.1.0\lbr\con-phoenix-500.lbr
F 1401674760 1080461 C:\EAGLE-7.1.0\lbr\con-phoenix-508.lbr
F 1323738720 237412 C:\EAGLE-7.1.0\lbr\con-phoenix-762.lbr
F 1323738720 15523 C:\EAGLE-7.1.0\lbr\con-phoenix-me_max.lbr
F 1323738720 68878 C:\EAGLE-7.1.0\lbr\con-phoenix-mkds_5.lbr
F 1323738720 493403 C:\EAGLE-7.1.0\lbr\con-phoenix-smkdsp.lbr
F 1375841100 601651 C:\EAGLE-7.1.0\lbr\con-ptr500.lbr
F 1323738720 191940 C:\EAGLE-7.1.0\lbr\con-pulse.lbr
F 1323738720 339959 C:\EAGLE-7.1.0\lbr\con-rib.lbr
F 1323738720 11924654 C:\EAGLE-7.1.0\lbr\con-samtec.lbr
F 1323738720 8346 C:\EAGLE-7.1.0\lbr\con-shallin.lbr
F 1323738720 10155 C:\EAGLE-7.1.0\lbr\con-shiua-chyuan.lbr
F 1401674760 14255 C:\EAGLE-7.1.0\lbr\con-stewart.lbr
F 1401674760 121647 C:\EAGLE-7.1.0\lbr\con-stocko.lbr
F 1349661780 1441857 C:\EAGLE-7.1.0\lbr\con-subd.lbr
F 1323738720 342585 C:\EAGLE-7.1.0\lbr\con-sullinselectronics.lbr
F 1323738720 653333 C:\EAGLE-7.1.0\lbr\con-thomas-betts.lbr
F 1401674760 234854 C:\EAGLE-7.1.0\lbr\con-tyco.lbr
F 1323738720 81727 C:\EAGLE-7.1.0\lbr\con-tycoelectronics.lbr
F 1323738720 2370165 C:\EAGLE-7.1.0\lbr\con-vg.lbr
F 1323738720 68564 C:\EAGLE-7.1.0\lbr\con-wago-500.lbr
F 1323738720 132224 C:\EAGLE-7.1.0\lbr\con-wago-508.lbr
F 1323738720 3786285 C:\EAGLE-7.1.0\lbr\con-wago.lbr
F 1323738720 2425198 C:\EAGLE-7.1.0\lbr\con-wago255.lbr
F 1323738720 1182514 C:\EAGLE-7.1.0\lbr\con-weidmueller-sl35.lbr
F 1323738720 14006 C:\EAGLE-7.1.0\lbr\con-wenzhou-yihua.lbr
F 1323738720 31259 C:\EAGLE-7.1.0\lbr\con-xmultiple.lbr
F 1323738720 283042 C:\EAGLE-7.1.0\lbr\con-yamaichi.lbr
F 1401674760 276558 C:\EAGLE-7.1.0\lbr\crystal.lbr
F 1323738720 35242 C:\EAGLE-7.1.0\lbr\csr.lbr
F 1401674760 467015 C:\EAGLE-7.1.0\lbr\cypress.lbr
F 1401674760 33089 C:\EAGLE-7.1.0\lbr\davicom.lbr
F 1405306800 88749 C:\EAGLE-7.1.0\lbr\dc-dc-converter.lbr
F 1165968980 1615 C:\EAGLE-7.1.0\lbr\DESCRIPTION
F 1323738720 6958 C:\EAGLE-7.1.0\lbr\dimensions.lbr
F 1405306800 552283 C:\EAGLE-7.1.0\lbr\diode.lbr
F 1323738720 17371 C:\EAGLE-7.1.0\lbr\discrete.lbr
F 1323738720 364784 C:\EAGLE-7.1.0\lbr\display-hp.lbr
F 1323738720 155930 C:\EAGLE-7.1.0\lbr\display-kingbright.lbr
F 1375841100 1020758 C:\EAGLE-7.1.0\lbr\display-lcd.lbr
F 1323738720 25927 C:\EAGLE-7.1.0\lbr\docu-dummy.lbr
F 1357524240 105579 C:\EAGLE-7.1.0\lbr\eagle-ltspice.lbr
F 1323738720 157703 C:\EAGLE-7.1.0\lbr\ecl.lbr
F 1208739600 147 C:\EAGLE-7.1.0\lbr\elektro\DESCRIPTION
F 1323738720 21761 C:\EAGLE-7.1.0\lbr\elektro\e-elektro-zeichnungsrahmen.lbr
F 1323738720 31428 C:\EAGLE-7.1.0\lbr\elektro\e-elektromechanische-antriebe.lbr
F 1323738720 67316 C:\EAGLE-7.1.0\lbr\elektro\e-halbleiter.lbr
F 1323738720 915206 C:\EAGLE-7.1.0\lbr\elektro\e-klemmen.lbr
F 1323738720 23446 C:\EAGLE-7.1.0\lbr\elektro\e-kondensatoren.lbr
F 1323738720 18150 C:\EAGLE-7.1.0\lbr\elektro\e-lampen-signalisation.lbr
F 1323738720 11512 C:\EAGLE-7.1.0\lbr\elektro\e-messfuehler.lbr
F 1323738720 31968 C:\EAGLE-7.1.0\lbr\elektro\e-messinstrumente.lbr
F 1323738720 16553 C:\EAGLE-7.1.0\lbr\elektro\e-motoren.lbr
F 1323738720 70398 C:\EAGLE-7.1.0\lbr\elektro\e-motorschutzschalter.lbr
F 1323738720 178246 C:\EAGLE-7.1.0\lbr\elektro\e-schalter.lbr
F 1357524240 98119 C:\EAGLE-7.1.0\lbr\elektro\e-schuetze-relais.lbr
F 1323738720 59955 C:\EAGLE-7.1.0\lbr\elektro\e-sicherungen.lbr
F 1323738720 335152 C:\EAGLE-7.1.0\lbr\elektro\e-sps.lbr
F 1323738720 33037 C:\EAGLE-7.1.0\lbr\elektro\e-spulen-transformatoren.lbr
F 1323738720 22225 C:\EAGLE-7.1.0\lbr\elektro\e-steckverbinder.lbr
F 1323738720 17106 C:\EAGLE-7.1.0\lbr\elektro\e-stromversorgungselemente.lbr
F 1323738720 162428 C:\EAGLE-7.1.0\lbr\elektro\e-symbole.lbr
F 1323738720 294643 C:\EAGLE-7.1.0\lbr\elektro\eib-busch-jaeger.lbr
F 1357524240 747 C:\EAGLE-7.1.0\lbr\element14\DESCRIPTION
F 1323738720 11483 C:\EAGLE-7.1.0\lbr\em-microelectronic.lbr
F 1401674760 353099 C:\EAGLE-7.1.0\lbr\etx-board.lbr
F 1323738720 622732 C:\EAGLE-7.1.0\lbr\exar.lbr
F 1323738720 42833 C:\EAGLE-7.1.0\lbr\fairchild-semic.lbr
F 1323738720 13654 C:\EAGLE-7.1.0\lbr\farnell.lbr
F 1323738720 72913 C:\EAGLE-7.1.0\lbr\fiber-optic-hp.lbr
F 1323738720 42907 C:\EAGLE-7.1.0\lbr\fiber-optic-siemens.lbr
F 1323738720 120192 C:\EAGLE-7.1.0\lbr\fifo.lbr
F 1401674760 78255 C:\EAGLE-7.1.0\lbr\flexipanel.lbr
F 1323738720 10792 C:\EAGLE-7.1.0\lbr\fox-electronics.lbr
F 1401674760 78834 C:\EAGLE-7.1.0\lbr\frames.lbr
F 1323738720 370419 C:\EAGLE-7.1.0\lbr\freescale.lbr
F 1349661780 62432 C:\EAGLE-7.1.0\lbr\ftdichip.lbr
F 1323738720 9572 C:\EAGLE-7.1.0\lbr\fujitsu.lbr
F 1401674760 123013 C:\EAGLE-7.1.0\lbr\fuse.lbr
F 1323738720 76875 C:\EAGLE-7.1.0\lbr\gennum.lbr
F 1323738720 26690 C:\EAGLE-7.1.0\lbr\halo-electronics.lbr
F 1323738720 181311 C:\EAGLE-7.1.0\lbr\heatsink.lbr
F 1334282520 49967 C:\EAGLE-7.1.0\lbr\holes.lbr
F 1323738720 49576 C:\EAGLE-7.1.0\lbr\holtek.lbr
F 1323738720 516924 C:\EAGLE-7.1.0\lbr\ic-package.lbr
F 1323738720 8871 C:\EAGLE-7.1.0\lbr\inductor-coilcraft.lbr
F 1323738720 454670 C:\EAGLE-7.1.0\lbr\inductor-neosid.lbr
F 1323738720 199916 C:\EAGLE-7.1.0\lbr\inductor-nkl.lbr
F 1357524240 330287 C:\EAGLE-7.1.0\lbr\inductors.lbr
F 1323738720 357148 C:\EAGLE-7.1.0\lbr\infineon-tricore.lbr
F 1407726060 162760 C:\EAGLE-7.1.0\lbr\infineon.lbr
F 1349661780 36104 C:\EAGLE-7.1.0\lbr\intersil-techwell.lbr
F 1323738720 17546 C:\EAGLE-7.1.0\lbr\intersil.lbr
F 1407726060 81916 C:\EAGLE-7.1.0\lbr\IQD-Frequency-Products.lbr
F 1323738720 74983 C:\EAGLE-7.1.0\lbr\ir.lbr
F 1323738720 28927 C:\EAGLE-7.1.0\lbr\isd.lbr
F 1323738720 8361 C:\EAGLE-7.1.0\lbr\johanson-technology.lbr
F 1323738720 11187 C:\EAGLE-7.1.0\lbr\jump-0r-smd.lbr
F 1357524240 176062 C:\EAGLE-7.1.0\lbr\jumper.lbr
F 1323738720 19028 C:\EAGLE-7.1.0\lbr\lantronix.lbr
F 1323738720 1131476 C:\EAGLE-7.1.0\lbr\lattice.lbr
F 1323738720 19828 C:\EAGLE-7.1.0\lbr\lc-filter.lbr
F 1323738720 36252 C:\EAGLE-7.1.0\lbr\led-7-segment.lbr
F 1323738720 14012 C:\EAGLE-7.1.0\lbr\led-citizen-electronics.lbr
F 1401674760 32426 C:\EAGLE-7.1.0\lbr\led-lumiled.lbr
F 1401674760 556596 C:\EAGLE-7.1.0\lbr\led.lbr
F 1349661780 19946 C:\EAGLE-7.1.0\lbr\lem.lbr
F 1401674760 275863 C:\EAGLE-7.1.0\lbr\linear-technology.lbr
F 1401674760 998699 C:\EAGLE-7.1.0\lbr\linear.lbr
F 1401674760 29883 C:\EAGLE-7.1.0\lbr\linx.lbr
F 1357524240 737418 C:\EAGLE-7.1.0\lbr\logo.lbr
F 1323738720 14322 C:\EAGLE-7.1.0\lbr\lprs.lbr
F 1323738720 80957 C:\EAGLE-7.1.0\lbr\lsi-computer-systems.lbr
F 1357524240 7371 C:\EAGLE-7.1.0\lbr\ltspice\capmeter.lbr
F 1357524240 139776 C:\EAGLE-7.1.0\lbr\ltspice\Comparators.lbr
F 1357524240 41093 C:\EAGLE-7.1.0\lbr\ltspice\Digital.lbr
F 1357524240 7746 C:\EAGLE-7.1.0\lbr\ltspice\diode.lbr
F 1357524240 72974 C:\EAGLE-7.1.0\lbr\ltspice\FilterProducts.lbr
F 1357524240 37474 C:\EAGLE-7.1.0\lbr\ltspice\lt-spice-simulation.lbr
F 1357524240 9220 C:\EAGLE-7.1.0\lbr\ltspice\lt-supply.lbr
F 1357524240 86521 C:\EAGLE-7.1.0\lbr\ltspice\Misc.lbr
F 1357524240 1289221 C:\EAGLE-7.1.0\lbr\ltspice\Opamps.lbr
F 1357524240 58567 C:\EAGLE-7.1.0\lbr\ltspice\Optos.lbr
F 1357524240 55946 C:\EAGLE-7.1.0\lbr\ltspice\PAsystem.lbr
F 1357524240 3375656 C:\EAGLE-7.1.0\lbr\ltspice\PowerProducts.lbr
F 1357524240 20268 C:\EAGLE-7.1.0\lbr\ltspice\References.lbr
F 1357524240 6953 C:\EAGLE-7.1.0\lbr\ltspice\rload.lbr
F 1357524240 183550 C:\EAGLE-7.1.0\lbr\ltspice\SpecialFunctions.lbr
F 1357524240 75562 C:\EAGLE-7.1.0\lbr\ltspice\sym.lbr
F 1323738720 27808 C:\EAGLE-7.1.0\lbr\lumiled.lbr
F 1401674760 42661 C:\EAGLE-7.1.0\lbr\marks.lbr
F 1375841100 1704704 C:\EAGLE-7.1.0\lbr\maxim.lbr
F 1401674760 52165 C:\EAGLE-7.1.0\lbr\maxstream.lbr
F 1323738720 9730 C:\EAGLE-7.1.0\lbr\melexis.lbr
F 1323738720 233033 C:\EAGLE-7.1.0\lbr\memory-hitachi.lbr
F 1323738720 1664677 C:\EAGLE-7.1.0\lbr\memory-idt.lbr
F 1401674760 145046 C:\EAGLE-7.1.0\lbr\memory-micron.lbr
F 1323738720 75646 C:\EAGLE-7.1.0\lbr\memory-motorola-dram.lbr
F 1323738720 138110 C:\EAGLE-7.1.0\lbr\memory-nec.lbr
F 1323738720 67939 C:\EAGLE-7.1.0\lbr\memory-samsung.lbr
F 1323738720 287874 C:\EAGLE-7.1.0\lbr\memory-sram.lbr
F 1323738720 408084 C:\EAGLE-7.1.0\lbr\memory.lbr
F 1323738720 10368 C:\EAGLE-7.1.0\lbr\mems.lbr
F 1323738720 32389 C:\EAGLE-7.1.0\lbr\micrel.lbr
F 1323738720 58343 C:\EAGLE-7.1.0\lbr\micro-cyrod.lbr
F 1323738720 486451 C:\EAGLE-7.1.0\lbr\micro-fujitsu.lbr
F 1323738720 224564 C:\EAGLE-7.1.0\lbr\micro-harris.lbr
F 1323738720 162626 C:\EAGLE-7.1.0\lbr\micro-hitachi.lbr
F 1323738720 49706 C:\EAGLE-7.1.0\lbr\micro-infineon.lbr
F 1323738720 1711640 C:\EAGLE-7.1.0\lbr\micro-intel.lbr
F 1323738720 389625 C:\EAGLE-7.1.0\lbr\micro-mc68000.lbr
F 1323738720 820156 C:\EAGLE-7.1.0\lbr\micro-motorola.lbr
F 1401674760 793111 C:\EAGLE-7.1.0\lbr\micro-philips.lbr
F 1323738720 31818 C:\EAGLE-7.1.0\lbr\micro-renesas.lbr
F 1323738720 23203 C:\EAGLE-7.1.0\lbr\micro-samsung.lbr
F 1323738720 1816349 C:\EAGLE-7.1.0\lbr\micro-siemens.lbr
F 1407726060 1527148 C:\EAGLE-7.1.0\lbr\microchip.lbr
F 1401674760 32013 C:\EAGLE-7.1.0\lbr\micron.lbr
F 1323738720 121576 C:\EAGLE-7.1.0\lbr\micronas.lbr
F 1401674760 26508 C:\EAGLE-7.1.0\lbr\microphon.lbr
F 1349661780 35731 C:\EAGLE-7.1.0\lbr\microwave.lbr
F 1323738720 10429 C:\EAGLE-7.1.0\lbr\midori-sensor.lbr
F 1323738720 39449 C:\EAGLE-7.1.0\lbr\minicircuits.lbr
F 1323738720 19819 C:\EAGLE-7.1.0\lbr\mitsubishi-semiconductor.lbr
F 1323738720 85990 C:\EAGLE-7.1.0\lbr\motorola-sensor-driver.lbr
F 1323738720 20111 C:\EAGLE-7.1.0\lbr\murata-filter.lbr
F 1323738720 11965 C:\EAGLE-7.1.0\lbr\murata-sensor.lbr
F 1323738720 12626 C:\EAGLE-7.1.0\lbr\nanotec.lbr
F 1323738720 33300 C:\EAGLE-7.1.0\lbr\national-instruments.lbr
F 1323738720 139837 C:\EAGLE-7.1.0\lbr\national-semiconductor.lbr
F 1323738720 19055 C:\EAGLE-7.1.0\lbr\nec-lqfp100-pack.lbr
F 1323738720 9148 C:\EAGLE-7.1.0\lbr\nec.lbr
F 1323738720 25849 C:\EAGLE-7.1.0\lbr\nrj-semiconductor.lbr
F 1323738720 9839 C:\EAGLE-7.1.0\lbr\omnivision.lbr
F 1323738720 70731 C:\EAGLE-7.1.0\lbr\on-semiconductor.lbr
F 1323738720 254505 C:\EAGLE-7.1.0\lbr\opto-honeywell-3000.lbr
F 1323738720 233924 C:\EAGLE-7.1.0\lbr\opto-honeywell-4000.lbr
F 1323738720 361973 C:\EAGLE-7.1.0\lbr\opto-honeywell.lbr
F 1323738720 27695 C:\EAGLE-7.1.0\lbr\opto-micro-linear.lbr
F 1323738720 57195 C:\EAGLE-7.1.0\lbr\opto-trans-siemens.lbr
F 1323738720 40224 C:\EAGLE-7.1.0\lbr\opto-transmittter-hp.lbr
F 1375841100 34229 C:\EAGLE-7.1.0\lbr\opto-vishay.lbr
F 1375841100 367744 C:\EAGLE-7.1.0\lbr\optocoupler.lbr
F 1323738720 169296 C:\EAGLE-7.1.0\lbr\pal.lbr
F 1349661780 26827 C:\EAGLE-7.1.0\lbr\philips-semiconductors.lbr
F 1323738720 59914 C:\EAGLE-7.1.0\lbr\photo-elements.lbr
F 1323738720 75952 C:\EAGLE-7.1.0\lbr\piher.lbr
F 1401674760 1239053 C:\EAGLE-7.1.0\lbr\pinhead.lbr
F 1326333660 439871 C:\EAGLE-7.1.0\lbr\plcc-socket.lbr
F 1323738720 218812 C:\EAGLE-7.1.0\lbr\pld-intel.lbr
F 1323738720 240400 C:\EAGLE-7.1.0\lbr\plxtech.lbr
F 1323738720 9634 C:\EAGLE-7.1.0\lbr\pot-vitrohm.lbr
F 1323738720 12453 C:\EAGLE-7.1.0\lbr\pot-xicor.lbr
F 1323738720 194885 C:\EAGLE-7.1.0\lbr\pot.lbr
F 1323738720 37601 C:\EAGLE-7.1.0\lbr\ptc-ntc.lbr
F 1323738720 209054 C:\EAGLE-7.1.0\lbr\quantum-research-group.lbr
F 1357524240 1000933 C:\EAGLE-7.1.0\lbr\rcl.lbr
F 1323738720 29313 C:\EAGLE-7.1.0\lbr\recom-international.lbr
F 1323738720 134253 C:\EAGLE-7.1.0\lbr\rectifier.lbr
F 1323738720 9869190 C:\EAGLE-7.1.0\lbr\ref-packages-longpad.lbr
F 1323738720 9931844 C:\EAGLE-7.1.0\lbr\ref-packages.lbr
F 1357524240 1755072 C:\EAGLE-7.1.0\lbr\relay.lbr
F 1401674760 74946 C:\EAGLE-7.1.0\lbr\renesas.lbr
F 1323738720 117545 C:\EAGLE-7.1.0\lbr\resistor-bourns.lbr
F 1323738720 147846 C:\EAGLE-7.1.0\lbr\resistor-dil.lbr
F 1323738720 117029 C:\EAGLE-7.1.0\lbr\resistor-net.lbr
F 1323738720 167029 C:\EAGLE-7.1.0\lbr\resistor-power.lbr
F 1323738720 14637 C:\EAGLE-7.1.0\lbr\resistor-ruf.lbr
F 1323738720 60519 C:\EAGLE-7.1.0\lbr\resistor-shunt.lbr
F 1323738720 258919 C:\EAGLE-7.1.0\lbr\resistor-sil.lbr
F 1407726060 883106 C:\EAGLE-7.1.0\lbr\resistor.lbr
F 1323738720 53394 C:\EAGLE-7.1.0\lbr\rf-micro-devices.lbr
F 1323738720 23307 C:\EAGLE-7.1.0\lbr\rf-solutions.lbr
F 1323738720 47965 C:\EAGLE-7.1.0\lbr\rohm.lbr
F 1405306800 10240 C:\EAGLE-7.1.0\lbr\roundsolutions.lbr
F 1323738720 39128 C:\EAGLE-7.1.0\lbr\semicon-smd-ipc.lbr
F 1323738720 10156 C:\EAGLE-7.1.0\lbr\sensor-comus-group.lbr
F 1323738720 11010 C:\EAGLE-7.1.0\lbr\sensor-heraeus.lbr
F 1323738720 8237 C:\EAGLE-7.1.0\lbr\sensor-infratec.lbr
F 1401674760 70628 C:\EAGLE-7.1.0\lbr\sharp.lbr
F 1405306800 64246 C:\EAGLE-7.1.0\lbr\silabs.lbr
F 1323738720 21362 C:\EAGLE-7.1.0\lbr\sim-technology.lbr
F 1323738720 24910 C:\EAGLE-7.1.0\lbr\sipex.lbr
F 1323738720 4630368 C:\EAGLE-7.1.0\lbr\smd-ipc.lbr
F 1323738720 571324 C:\EAGLE-7.1.0\lbr\smd-special.lbr
F 1401674760 60108 C:\EAGLE-7.1.0\lbr\solomon-systech.lbr
F 1323738720 18714 C:\EAGLE-7.1.0\lbr\solpad.lbr
F 1401674760 8838 C:\EAGLE-7.1.0\lbr\speaker.lbr
F 1323738720 10668 C:\EAGLE-7.1.0\lbr\special-drill.lbr
F 1323738720 466483 C:\EAGLE-7.1.0\lbr\special.lbr
F 1405306800 612318 C:\EAGLE-7.1.0\lbr\st-microelectronics.lbr
F 1405306800 48291 C:\EAGLE-7.1.0\lbr\stm32xx.lbr
F 1401674760 13233 C:\EAGLE-7.1.0\lbr\supertex.lbr
F 1323738720 26125 C:\EAGLE-7.1.0\lbr\supply1.lbr
F 1323738720 36556 C:\EAGLE-7.1.0\lbr\supply2.lbr
F 1349661780 10150 C:\EAGLE-7.1.0\lbr\switch-alps.lbr
F 1323738720 9666 C:\EAGLE-7.1.0\lbr\switch-coto.lbr
F 1401674760 765219 C:\EAGLE-7.1.0\lbr\switch-dil.lbr
F 1323738720 168536 C:\EAGLE-7.1.0\lbr\switch-misc.lbr
F 1323738720 101202 C:\EAGLE-7.1.0\lbr\switch-omron.lbr
F 1323738720 8895 C:\EAGLE-7.1.0\lbr\switch-raychem.lbr
F 1323738720 25045 C:\EAGLE-7.1.0\lbr\switch-reed.lbr
F 1349661780 587806 C:\EAGLE-7.1.0\lbr\switch.lbr
F 1323738720 7968 C:\EAGLE-7.1.0\lbr\telcom.lbr
F 1323738720 17248 C:\EAGLE-7.1.0\lbr\telecontrolli.lbr
F 1323738720 29148 C:\EAGLE-7.1.0\lbr\telefunken.lbr
F 1323738720 68857 C:\EAGLE-7.1.0\lbr\testpad.lbr
F 1349661780 25177 C:\EAGLE-7.1.0\lbr\texas-sn55-sn75.lbr
F 1407726060 3106238 C:\EAGLE-7.1.0\lbr\texas.lbr
F 1323738720 37490 C:\EAGLE-7.1.0\lbr\toshiba.lbr
F 1323738720 54972 C:\EAGLE-7.1.0\lbr\traco-electronic.lbr
F 1323738720 17008 C:\EAGLE-7.1.0\lbr\trafo-bei.lbr
F 1349661780 114886 C:\EAGLE-7.1.0\lbr\trafo-hammondmfg.lbr
F 1323738720 414560 C:\EAGLE-7.1.0\lbr\trafo-siemens.lbr
F 1323738720 31885 C:\EAGLE-7.1.0\lbr\trafo-xicon.lbr
F 1323738720 603685 C:\EAGLE-7.1.0\lbr\trafo.lbr
F 1334282520 8009 C:\EAGLE-7.1.0\lbr\transformer-pulse.lbr
F 1323738720 172646 C:\EAGLE-7.1.0\lbr\transistor-fet.lbr
F 1323738720 240024 C:\EAGLE-7.1.0\lbr\transistor-neu-to92.lbr
F 1323738720 184744 C:\EAGLE-7.1.0\lbr\transistor-npn.lbr
F 1323738720 141417 C:\EAGLE-7.1.0\lbr\transistor-pnp.lbr
F 1401674760 290511 C:\EAGLE-7.1.0\lbr\transistor-power.lbr
F 1323738720 217841 C:\EAGLE-7.1.0\lbr\transistor-small-signal.lbr
F 1375841100 233964 C:\EAGLE-7.1.0\lbr\transistor.lbr
F 1323738720 94666 C:\EAGLE-7.1.0\lbr\triac.lbr
F 1401674760 109231 C:\EAGLE-7.1.0\lbr\trimble.lbr
F 1323738720 14784 C:\EAGLE-7.1.0\lbr\tripas.lbr
F 1323738720 28425 C:\EAGLE-7.1.0\lbr\u-blox.lbr
F 1323738720 72921 C:\EAGLE-7.1.0\lbr\uln-udn.lbr
F 1323738720 14568 C:\EAGLE-7.1.0\lbr\v-reg-micrel.lbr
F 1323738720 149496 C:\EAGLE-7.1.0\lbr\v-reg.lbr
F 1323738720 219496 C:\EAGLE-7.1.0\lbr\varistor.lbr
F 1323738720 394850 C:\EAGLE-7.1.0\lbr\wafer-scale-psd.lbr
F 1323738720 29857 C:\EAGLE-7.1.0\lbr\wirepad.lbr
F 1323738720 12006 C:\EAGLE-7.1.0\lbr\xicor.lbr
F 1323738720 727148 C:\EAGLE-7.1.0\lbr\xilinx-virtex-v5.lbr
F 1323738720 71769 C:\EAGLE-7.1.0\lbr\xilinx-xc18v.lbr
F 1323738720 31442 C:\EAGLE-7.1.0\lbr\xilinx-xc9.lbr
F 1401674760 8431465 C:\EAGLE-7.1.0\lbr\xilinx-xcv.lbr
F 1375841100 163708 C:\EAGLE-7.1.0\lbr\zetex.lbr
F 1401674760 49918 C:\EAGLE-7.1.0\lbr\zilog.lbr
F 1357524240 120 C:\EAGLE-7.1.0\misc\ltspice\lib\sub\node.sub
F 1357524240 454 C:\EAGLE-7.1.0\misc\ltspice\lib\sym\eagle\dioden\DIODE_E-.asy
F 1357524240 454 C:\EAGLE-7.1.0\misc\ltspice\lib\sym\eagle\dioden\DIODE_E-DO35-7.asy
F 1357524240 454 C:\EAGLE-7.1.0\misc\ltspice\lib\sym\eagle\dioden\DIODE_E-SMC.asy
F 1357524240 689 C:\EAGLE-7.1.0\misc\ltspice\lib\sym\eagle\led\LED_E.asy
F 1357524240 689 C:\EAGLE-7.1.0\misc\ltspice\lib\sym\eagle\led\LED_ELD260.asy
F 1357524240 689 C:\EAGLE-7.1.0\misc\ltspice\lib\sym\eagle\led\LED_ESML0603.asy
F 1357524240 537 C:\EAGLE-7.1.0\misc\ltspice\lib\sym\eagle\rcl\C.asy
F 1357524240 537 C:\EAGLE-7.1.0\misc\ltspice\lib\sym\eagle\rcl\CC0201.asy
F 1357524240 537 C:\EAGLE-7.1.0\misc\ltspice\lib\sym\eagle\rcl\CC0402.asy
F 1357524240 537 C:\EAGLE-7.1.0\misc\ltspice\lib\sym\eagle\rcl\CC0504.asy
F 1357524240 537 C:\EAGLE-7.1.0\misc\ltspice\lib\sym\eagle\rcl\CC0603.asy
F 1357524240 537 C:\EAGLE-7.1.0\misc\ltspice\lib\sym\eagle\rcl\CC1005.asy
F 1357524240 537 C:\EAGLE-7.1.0\misc\ltspice\lib\sym\eagle\rcl\CC1206.asy
F 1357524240 537 C:\EAGLE-7.1.0\misc\ltspice\lib\sym\eagle\rcl\CC1210.asy
F 1357524240 537 C:\EAGLE-7.1.0\misc\ltspice\lib\sym\eagle\rcl\CC1310.asy
F 1357524240 537 C:\EAGLE-7.1.0\misc\ltspice\lib\sym\eagle\rcl\CC1608.asy
F 1357524240 537 C:\EAGLE-7.1.0\misc\ltspice\lib\sym\eagle\rcl\CC1808.asy
F 1357524240 537 C:\EAGLE-7.1.0\misc\ltspice\lib\sym\eagle\rcl\CC1812.asy
F 1357524240 537 C:\EAGLE-7.1.0\misc\ltspice\lib\sym\eagle\rcl\CC1825.asy
F 1357524240 537 C:\EAGLE-7.1.0\misc\ltspice\lib\sym\eagle\rcl\CC2012.asy
F 1357524240 537 C:\EAGLE-7.1.0\misc\ltspice\lib\sym\eagle\rcl\CC3216.asy
F 1357524240 537 C:\EAGLE-7.1.0\misc\ltspice\lib\sym\eagle\rcl\CC3225.asy
F 1357524240 537 C:\EAGLE-7.1.0\misc\ltspice\lib\sym\eagle\rcl\CC3640.asy
F 1357524240 537 C:\EAGLE-7.1.0\misc\ltspice\lib\sym\eagle\rcl\CC4532.asy
F 1357524240 537 C:\EAGLE-7.1.0\misc\ltspice\lib\sym\eagle\rcl\CC4564.asy
F 1357524240 1519 C:\EAGLE-7.1.0\misc\ltspice\lib\sym\eagle\rcl\L.asy
F 1357524240 1519 C:\EAGLE-7.1.0\misc\ltspice\lib\sym\eagle\rcl\L0204_7.asy
F 1357524240 1519 C:\EAGLE-7.1.0\misc\ltspice\lib\sym\eagle\rcl\L0207_10.asy
F 1357524240 1519 C:\EAGLE-7.1.0\misc\ltspice\lib\sym\eagle\rcl\LL0201.asy
F 1357524240 1519 C:\EAGLE-7.1.0\misc\ltspice\lib\sym\eagle\rcl\LL2012C.asy
F 1357524240 1519 C:\EAGLE-7.1.0\misc\ltspice\lib\sym\eagle\rcl\LL2825P.asy
F 1357524240 1519 C:\EAGLE-7.1.0\misc\ltspice\lib\sym\eagle\rcl\LL3216C.asy
F 1357524240 1519 C:\EAGLE-7.1.0\misc\ltspice\lib\sym\eagle\rcl\LL3225M.asy
F 1357524240 1519 C:\EAGLE-7.1.0\misc\ltspice\lib\sym\eagle\rcl\LL3225P.asy
F 1357524240 1519 C:\EAGLE-7.1.0\misc\ltspice\lib\sym\eagle\rcl\LL3230M.asy
F 1357524240 1519 C:\EAGLE-7.1.0\misc\ltspice\lib\sym\eagle\rcl\LL4035M.asy
F 1357524240 1519 C:\EAGLE-7.1.0\misc\ltspice\lib\sym\eagle\rcl\LL4516C.asy
F 1357524240 1519 C:\EAGLE-7.1.0\misc\ltspice\lib\sym\eagle\rcl\LL4532C.asy
F 1357524240 1519 C:\EAGLE-7.1.0\misc\ltspice\lib\sym\eagle\rcl\LL4532P.asy
F 1357524240 1519 C:\EAGLE-7.1.0\misc\ltspice\lib\sym\eagle\rcl\LL5038P.asy
F 1357524240 1519 C:\EAGLE-7.1.0\misc\ltspice\lib\sym\eagle\rcl\LL5650M.asy
F 1357524240 1519 C:\EAGLE-7.1.0\misc\ltspice\lib\sym\eagle\rcl\LL8530M.asy
F 1357524240 398 C:\EAGLE-7.1.0\misc\ltspice\lib\sym\eagle\rcl\R.asy
F 1357524240 398 C:\EAGLE-7.1.0\misc\ltspice\lib\sym\eagle\rcl\R0204_7.asy
F 1357524240 398 C:\EAGLE-7.1.0\misc\ltspice\lib\sym\eagle\rcl\R0207_10.asy
F 1357524240 398 C:\EAGLE-7.1.0\misc\ltspice\lib\sym\eagle\rcl\RR0201.asy
F 1357524240 398 C:\EAGLE-7.1.0\misc\ltspice\lib\sym\eagle\rcl\RR0402.asy
F 1357524240 398 C:\EAGLE-7.1.0\misc\ltspice\lib\sym\eagle\rcl\RR0603.asy
F 1357524240 398 C:\EAGLE-7.1.0\misc\ltspice\lib\sym\eagle\rcl\RR1005.asy
F 1357524240 398 C:\EAGLE-7.1.0\misc\ltspice\lib\sym\eagle\rcl\RR1206.asy
F 1357524240 398 C:\EAGLE-7.1.0\misc\ltspice\lib\sym\eagle\rcl\RR1210.asy
F 1357524240 398 C:\EAGLE-7.1.0\misc\ltspice\lib\sym\eagle\rcl\RR1218.asy
F 1357524240 398 C:\EAGLE-7.1.0\misc\ltspice\lib\sym\eagle\rcl\RR2010.asy
F 1357524240 398 C:\EAGLE-7.1.0\misc\ltspice\lib\sym\eagle\rcl\RR2012.asy
F 1357524240 398 C:\EAGLE-7.1.0\misc\ltspice\lib\sym\eagle\rcl\RR2512.asy
F 1357524240 398 C:\EAGLE-7.1.0\misc\ltspice\lib\sym\eagle\rcl\RR3216.asy
F 1357524240 398 C:\EAGLE-7.1.0\misc\ltspice\lib\sym\eagle\rcl\RR3225.asy
F 1357524240 398 C:\EAGLE-7.1.0\misc\ltspice\lib\sym\eagle\rcl\RR4527.asy
F 1357524240 398 C:\EAGLE-7.1.0\misc\ltspice\lib\sym\eagle\rcl\RR5025.asy
F 1357524240 398 C:\EAGLE-7.1.0\misc\ltspice\lib\sym\eagle\rcl\RR6332.asy
F 1357524240 555 C:\EAGLE-7.1.0\misc\ltspice\lib\sym\eagle\schottky-dioden\SCHOTTKY-DIODE.asy
F 1357524240 555 C:\EAGLE-7.1.0\misc\ltspice\lib\sym\eagle\schottky-dioden\SCHOTTKY-DIODEDO35-7.asy
F 1357524240 555 C:\EAGLE-7.1.0\misc\ltspice\lib\sym\eagle\schottky-dioden\SCHOTTKY-DIODEF126Z12.asy
F 1357524240 555 C:\EAGLE-7.1.0\misc\ltspice\lib\sym\eagle\schottky-dioden\SCHOTTKY-DIODESMC.asy
F 1357524240 555 C:\EAGLE-7.1.0\misc\ltspice\lib\sym\eagle\schottky-dioden\SCHOTTKY-DIODETO92H.asy
F 1357524240 338 C:\EAGLE-7.1.0\misc\ltspice\lib\sym\eagle\supply1\+12V.asy
F 1357524240 340 C:\EAGLE-7.1.0\misc\ltspice\lib\sym\eagle\supply1\+15V.asy
F 1357524240 387 C:\EAGLE-7.1.0\misc\ltspice\lib\sym\eagle\supply1\+18V.asy
F 1357524240 336 C:\EAGLE-7.1.0\misc\ltspice\lib\sym\eagle\supply1\+24V.asy
F 1357524240 293 C:\EAGLE-7.1.0\misc\ltspice\lib\sym\eagle\supply1\+3V3.asy
F 1357524240 291 C:\EAGLE-7.1.0\misc\ltspice\lib\sym\eagle\supply1\+5V.asy
F 1357524240 293 C:\EAGLE-7.1.0\misc\ltspice\lib\sym\eagle\supply1\+5V_.asy
F 1357524240 220 C:\EAGLE-7.1.0\misc\ltspice\lib\sym\eagle\supply1\+V.asy
F 1357524240 342 C:\EAGLE-7.1.0\misc\ltspice\lib\sym\eagle\supply1\-12V.asy
F 1357524240 344 C:\EAGLE-7.1.0\misc\ltspice\lib\sym\eagle\supply1\-15V.asy
F 1357524240 387 C:\EAGLE-7.1.0\misc\ltspice\lib\sym\eagle\supply1\-18V.asy
F 1357524240 340 C:\EAGLE-7.1.0\misc\ltspice\lib\sym\eagle\supply1\-24V.asy
F 1357524240 295 C:\EAGLE-7.1.0\misc\ltspice\lib\sym\eagle\supply1\-5V.asy
F 1357524240 219 C:\EAGLE-7.1.0\misc\ltspice\lib\sym\eagle\supply1\-V.asy
F 1357524240 291 C:\EAGLE-7.1.0\misc\ltspice\lib\sym\eagle\supply1\0.asy
F 1357524240 269 C:\EAGLE-7.1.0\misc\ltspice\lib\sym\eagle\supply1\0V.asy
F 1357524240 296 C:\EAGLE-7.1.0\misc\ltspice\lib\sym\eagle\supply1\AGND.asy
F 1357524240 273 C:\EAGLE-7.1.0\misc\ltspice\lib\sym\eagle\supply1\COM.asy
F 1357524240 271 C:\EAGLE-7.1.0\misc\ltspice\lib\sym\eagle\supply1\GND.asy
F 1357524240 296 C:\EAGLE-7.1.0\misc\ltspice\lib\sym\eagle\supply1\GNDA.asy
F 1357524240 296 C:\EAGLE-7.1.0\misc\ltspice\lib\sym\eagle\supply1\GNDI.asy
F 1357524240 302 C:\EAGLE-7.1.0\misc\ltspice\lib\sym\eagle\supply1\GNDINT.asy
F 1357524240 276 C:\EAGLE-7.1.0\misc\ltspice\lib\sym\eagle\supply1\GNDIO.asy
F 1357524240 253 C:\EAGLE-7.1.0\misc\ltspice\lib\sym\eagle\supply1\IN.asy
F 1357524240 223 C:\EAGLE-7.1.0\misc\ltspice\lib\sym\eagle\supply1\OUT.asy
F 1357524240 338 C:\EAGLE-7.1.0\misc\ltspice\lib\sym\eagle\supply1\PE.asy
F 1357524240 356 C:\EAGLE-7.1.0\misc\ltspice\lib\sym\eagle\supply1\TH.asy
F 1357524240 311 C:\EAGLE-7.1.0\misc\ltspice\lib\sym\eagle\supply1\V+.asy
F 1357524240 316 C:\EAGLE-7.1.0\misc\ltspice\lib\sym\eagle\supply1\V-.asy
F 1357524240 362 C:\EAGLE-7.1.0\misc\ltspice\lib\sym\eagle\supply1\V12+.asy
F 1357524240 360 C:\EAGLE-7.1.0\misc\ltspice\lib\sym\eagle\supply1\V12-.asy
F 1357524240 291 C:\EAGLE-7.1.0\misc\ltspice\lib\sym\eagle\supply1\VCC.asy
F 1357524240 344 C:\EAGLE-7.1.0\misc\ltspice\lib\sym\eagle\supply1\VCC_2.asy
F 1357524240 323 C:\EAGLE-7.1.0\misc\ltspice\lib\sym\eagle\supply1\VCCINT.asy
F 1357524240 320 C:\EAGLE-7.1.0\misc\ltspice\lib\sym\eagle\supply1\VCCIO.asy
F 1357524240 338 C:\EAGLE-7.1.0\misc\ltspice\lib\sym\eagle\supply1\VDD.asy
F 1357524240 342 C:\EAGLE-7.1.0\misc\ltspice\lib\sym\eagle\supply1\VSS.asy
F 1349661780 559 C:\EAGLE-7.1.0\misc\ltspice\scr\LT1129-3.3.scr
F 1349661780 555 C:\EAGLE-7.1.0\misc\ltspice\scr\LT1129-5.scr
F 1349661780 547 C:\EAGLE-7.1.0\misc\ltspice\scr\LT1129.scr
F 1349661780 386 C:\EAGLE-7.1.0\misc\ltspice\scr\LT1762.scr
F 1349661780 620 C:\EAGLE-7.1.0\misc\ltspice\scr\LT1763.scr
F 1349661780 598 C:\EAGLE-7.1.0\misc\ltspice\scr\LT1764.scr
F 1349661780 600 C:\EAGLE-7.1.0\misc\ltspice\scr\LT1764A.scr
F 1349661780 554 C:\EAGLE-7.1.0\misc\ltspice\scr\LT3008.scr
F 1349661780 548 C:\EAGLE-7.1.0\misc\ltspice\scr\LT3009.scr
F 1349661780 389 C:\EAGLE-7.1.0\misc\ltspice\scr\LT3010-5.scr
F 1349661780 383 C:\EAGLE-7.1.0\misc\ltspice\scr\LT3010.scr
F 1349661780 728 C:\EAGLE-7.1.0\misc\ltspice\scr\LT3011.scr
F 1349661780 653 C:\EAGLE-7.1.0\misc\ltspice\scr\LT3012.scr
F 1349661780 603 C:\EAGLE-7.1.0\misc\ltspice\scr\LT3012B.scr
F 1349661780 762 C:\EAGLE-7.1.0\misc\ltspice\scr\LT3013.scr
F 1349661780 712 C:\EAGLE-7.1.0\misc\ltspice\scr\LT3013B.scr
F 1349661780 554 C:\EAGLE-7.1.0\misc\ltspice\scr\LT3014.scr
F 1349661780 528 C:\EAGLE-7.1.0\misc\ltspice\scr\LT3014B.scr
F 1349661780 771 C:\EAGLE-7.1.0\misc\ltspice\scr\LT3015.scr
F 1349661780 558 C:\EAGLE-7.1.0\misc\ltspice\scr\LT3020-1.2.scr
F 1349661780 558 C:\EAGLE-7.1.0\misc\ltspice\scr\LT3020-1.5.scr
F 1349661780 558 C:\EAGLE-7.1.0\misc\ltspice\scr\LT3020-1.8.scr
F 1349661780 598 C:\EAGLE-7.1.0\misc\ltspice\scr\LT3020.scr
F 1349661780 636 C:\EAGLE-7.1.0\misc\ltspice\scr\LT3021-1.2.scr
F 1349661780 636 C:\EAGLE-7.1.0\misc\ltspice\scr\LT3021-1.5.scr
F 1349661780 636 C:\EAGLE-7.1.0\misc\ltspice\scr\LT3021-1.8.scr
F 1349661780 624 C:\EAGLE-7.1.0\misc\ltspice\scr\LT3021.scr
F 1349661780 416 C:\EAGLE-7.1.0\misc\ltspice\scr\LT3022-1.2.scr
F 1349661780 416 C:\EAGLE-7.1.0\misc\ltspice\scr\LT3022-1.5.scr
F 1349661780 416 C:\EAGLE-7.1.0\misc\ltspice\scr\LT3022-1.8.scr
F 1349661780 660 C:\EAGLE-7.1.0\misc\ltspice\scr\LT3022.scr
F 1349661780 816 C:\EAGLE-7.1.0\misc\ltspice\scr\LT3023.scr
F 1349661780 862 C:\EAGLE-7.1.0\misc\ltspice\scr\LT3024.scr
F 1349661780 882 C:\EAGLE-7.1.0\misc\ltspice\scr\LT3027.scr
F 1349661780 979 C:\EAGLE-7.1.0\misc\ltspice\scr\LT3028.scr
F 1349661780 994 C:\EAGLE-7.1.0\misc\ltspice\scr\LT3029.scr
F 1349661780 568 C:\EAGLE-7.1.0\misc\ltspice\scr\LT3032.scr
F 1349661780 865 C:\EAGLE-7.1.0\misc\ltspice\scr\LT3050.scr
F 1349661780 614 C:\EAGLE-7.1.0\misc\ltspice\scr\LT3060.scr
F 1349661780 657 C:\EAGLE-7.1.0\misc\ltspice\scr\LT3070.scr
F 1349661780 674 C:\EAGLE-7.1.0\misc\ltspice\scr\LT3071.scr
F 1349661780 568 C:\EAGLE-7.1.0\misc\ltspice\scr\LT3080-1.scr
F 1349661780 737 C:\EAGLE-7.1.0\misc\ltspice\scr\LT3080.scr
F 1349661780 628 C:\EAGLE-7.1.0\misc\ltspice\scr\LT3082.scr
F 1349661780 732 C:\EAGLE-7.1.0\misc\ltspice\scr\LT3083.scr
F 1349661780 526 C:\EAGLE-7.1.0\misc\ltspice\scr\LT3085.scr
F 1349661780 622 C:\EAGLE-7.1.0\misc\ltspice\scr\LT3092.scr
F 1349661780 658 C:\EAGLE-7.1.0\misc\ltspice\scr\LT3150.scr
F 1349661780 793 C:\EAGLE-7.1.0\misc\ltspice\scr\LT3420-1.scr
F 1349661780 789 C:\EAGLE-7.1.0\misc\ltspice\scr\LT3420.scr
F 1349661780 573 C:\EAGLE-7.1.0\misc\ltspice\scr\LT3433.scr
F 1349661780 523 C:\EAGLE-7.1.0\misc\ltspice\scr\LT3460.scr
F 1349661780 349 C:\EAGLE-7.1.0\misc\ltspice\scr\LT3461.scr
F 1349661780 351 C:\EAGLE-7.1.0\misc\ltspice\scr\LT3461A.scr
F 1349661780 381 C:\EAGLE-7.1.0\misc\ltspice\scr\LT3462.scr
F 1349661780 383 C:\EAGLE-7.1.0\misc\ltspice\scr\LT3462A.scr
F 1349661780 501 C:\EAGLE-7.1.0\misc\ltspice\scr\LT3463.scr
F 1349661780 503 C:\EAGLE-7.1.0\misc\ltspice\scr\LT3463A.scr
F 1349661780 446 C:\EAGLE-7.1.0\misc\ltspice\scr\LT3464.scr
F 1349661780 383 C:\EAGLE-7.1.0\misc\ltspice\scr\LT3465.scr
F 1349661780 385 C:\EAGLE-7.1.0\misc\ltspice\scr\LT3465A.scr
F 1349661780 416 C:\EAGLE-7.1.0\misc\ltspice\scr\LT3466-1.scr
F 1349661780 1185 C:\EAGLE-7.1.0\misc\ltspice\scr\LT3466.scr
F 1349661780 589 C:\EAGLE-7.1.0\misc\ltspice\scr\LT3467.scr
F 1349661780 591 C:\EAGLE-7.1.0\misc\ltspice\scr\LT3467A.scr
F 1349661780 329 C:\EAGLE-7.1.0\misc\ltspice\scr\LT3468-1.scr
F 1349661780 329 C:\EAGLE-7.1.0\misc\ltspice\scr\LT3468-2.scr
F 1349661780 325 C:\EAGLE-7.1.0\misc\ltspice\scr\LT3468.scr
F 1349661780 406 C:\EAGLE-7.1.0\misc\ltspice\scr\LT3469.scr
F 1349661780 693 C:\EAGLE-7.1.0\misc\ltspice\scr\LT3470.scr
F 1349661780 436 C:\EAGLE-7.1.0\misc\ltspice\scr\LT3470A.scr
F 1349661780 506 C:\EAGLE-7.1.0\misc\ltspice\scr\LT3471.scr
F 1349661780 490 C:\EAGLE-7.1.0\misc\ltspice\scr\LT3472.scr
F 1349661780 454 C:\EAGLE-7.1.0\misc\ltspice\scr\LT3473.scr
F 1349661780 565 C:\EAGLE-7.1.0\misc\ltspice\scr\LT3473A.scr
F 1349661780 572 C:\EAGLE-7.1.0\misc\ltspice\scr\LT3474-1.scr
F 1349661780 568 C:\EAGLE-7.1.0\misc\ltspice\scr\LT3474.scr
F 1349661780 725 C:\EAGLE-7.1.0\misc\ltspice\scr\LT3475-1.scr
F 1349661780 721 C:\EAGLE-7.1.0\misc\ltspice\scr\LT3475.scr
F 1349661780 613 C:\EAGLE-7.1.0\misc\ltspice\scr\LT3476.scr
F 1349661780 1221 C:\EAGLE-7.1.0\misc\ltspice\scr\LT3477.scr
F 1349661780 649 C:\EAGLE-7.1.0\misc\ltspice\scr\LT3478-1.scr
F 1349661780 645 C:\EAGLE-7.1.0\misc\ltspice\scr\LT3478.scr
F 1349661780 944 C:\EAGLE-7.1.0\misc\ltspice\scr\LT3479.scr
F 1349661780 857 C:\EAGLE-7.1.0\misc\ltspice\scr\LT3481.scr
F 1349661780 597 C:\EAGLE-7.1.0\misc\ltspice\scr\LT3482.scr
F 1349661780 590 C:\EAGLE-7.1.0\misc\ltspice\scr\LT3483.scr
F 1349661780 392 C:\EAGLE-7.1.0\misc\ltspice\scr\LT3483A.scr
F 1349661780 353 C:\EAGLE-7.1.0\misc\ltspice\scr\LT3484-0.scr
F 1349661780 353 C:\EAGLE-7.1.0\misc\ltspice\scr\LT3484-1.scr
F 1349661780 353 C:\EAGLE-7.1.0\misc\ltspice\scr\LT3484-2.scr
F 1349661780 525 C:\EAGLE-7.1.0\misc\ltspice\scr\LT3485-0.scr
F 1349661780 525 C:\EAGLE-7.1.0\misc\ltspice\scr\LT3485-1.scr
F 1349661780 525 C:\EAGLE-7.1.0\misc\ltspice\scr\LT3485-2.scr
F 1349661780 525 C:\EAGLE-7.1.0\misc\ltspice\scr\LT3485-3.scr
F 1349661780 1610 C:\EAGLE-7.1.0\misc\ltspice\scr\LT3486.scr
F 1349661780 496 C:\EAGLE-7.1.0\misc\ltspice\scr\LT3487.scr
F 1349661780 427 C:\EAGLE-7.1.0\misc\ltspice\scr\LT3489.scr
F 1349661780 574 C:\EAGLE-7.1.0\misc\ltspice\scr\LT3491.scr
F 1349661780 2654 C:\EAGLE-7.1.0\misc\ltspice\scr\LT3492.scr
F 1349661780 380 C:\EAGLE-7.1.0\misc\ltspice\scr\LT3493-3.scr
F 1349661780 376 C:\EAGLE-7.1.0\misc\ltspice\scr\LT3493.scr
F 1349661780 429 C:\EAGLE-7.1.0\misc\ltspice\scr\LT3494.scr
F 1349661780 431 C:\EAGLE-7.1.0\misc\ltspice\scr\LT3494A.scr
F 1349661780 455 C:\EAGLE-7.1.0\misc\ltspice\scr\LT3495-1.scr
F 1349661780 451 C:\EAGLE-7.1.0\misc\ltspice\scr\LT3495.scr
F 1349661780 457 C:\EAGLE-7.1.0\misc\ltspice\scr\LT3495B-1.scr
F 1349661780 453 C:\EAGLE-7.1.0\misc\ltspice\scr\LT3495B.scr
F 1349661780 2666 C:\EAGLE-7.1.0\misc\ltspice\scr\LT3496.scr
F 1349661780 746 C:\EAGLE-7.1.0\misc\ltspice\scr\LT3497.scr
F 1349661780 560 C:\EAGLE-7.1.0\misc\ltspice\scr\LT3498.scr
F 1349661780 1002 C:\EAGLE-7.1.0\misc\ltspice\scr\LT3500.scr
F 1349661780 804 C:\EAGLE-7.1.0\misc\ltspice\scr\LT3501.scr
F 1349661780 712 C:\EAGLE-7.1.0\misc\ltspice\scr\LT3502.scr
F 1349661780 714 C:\EAGLE-7.1.0\misc\ltspice\scr\LT3502A.scr
F 1349661780 374 C:\EAGLE-7.1.0\misc\ltspice\scr\LT3503.scr
F 1349661780 682 C:\EAGLE-7.1.0\misc\ltspice\scr\LT3505.scr
F 1349661780 1407 C:\EAGLE-7.1.0\misc\ltspice\scr\LT3506.scr
F 1349661780 1419 C:\EAGLE-7.1.0\misc\ltspice\scr\LT3506A.scr
F 1349661780 1178 C:\EAGLE-7.1.0\misc\ltspice\scr\LT3507.scr
F 1349661780 2229 C:\EAGLE-7.1.0\misc\ltspice\scr\LT3507A.scr
F 1349661780 1191 C:\EAGLE-7.1.0\misc\ltspice\scr\LT3508.scr
F 1349661780 804 C:\EAGLE-7.1.0\misc\ltspice\scr\LT3510.scr
F 1349661780 482 C:\EAGLE-7.1.0\misc\ltspice\scr\LT3511.scr
F 1349661780 482 C:\EAGLE-7.1.0\misc\ltspice\scr\LT3512.scr
F 1349661780 1140 C:\EAGLE-7.1.0\misc\ltspice\scr\LT3513.scr
F 1349661780 1112 C:\EAGLE-7.1.0\misc\ltspice\scr\LT3517.scr
F 1349661780 1113 C:\EAGLE-7.1.0\misc\ltspice\scr\LT3518.scr
F 1349661780 715 C:\EAGLE-7.1.0\misc\ltspice\scr\LT3572.scr
F 1349661780 521 C:\EAGLE-7.1.0\misc\ltspice\scr\LT3573.scr
F 1349661780 516 C:\EAGLE-7.1.0\misc\ltspice\scr\LT3574.scr
F 1349661780 554 C:\EAGLE-7.1.0\misc\ltspice\scr\LT3575.scr
F 1349661780 513 C:\EAGLE-7.1.0\misc\ltspice\scr\LT3585-0.scr
F 1349661780 680 C:\EAGLE-7.1.0\misc\ltspice\scr\LT3587.scr
F 1349661780 577 C:\EAGLE-7.1.0\misc\ltspice\scr\LT3590.scr
F 1349661780 405 C:\EAGLE-7.1.0\misc\ltspice\scr\LT3591.scr
F 1349661780 855 C:\EAGLE-7.1.0\misc\ltspice\scr\LT3592.scr
F 1349661780 939 C:\EAGLE-7.1.0\misc\ltspice\scr\LT3645.scr
F 1349661780 976 C:\EAGLE-7.1.0\misc\ltspice\scr\LT3650-4.1.scr
F 1349661780 976 C:\EAGLE-7.1.0\misc\ltspice\scr\LT3650-4.2.scr
F 1349661780 967 C:\EAGLE-7.1.0\misc\ltspice\scr\LT3652.scr
F 1349661780 750 C:\EAGLE-7.1.0\misc\ltspice\scr\LT3663.scr
F 1349661780 596 C:\EAGLE-7.1.0\misc\ltspice\scr\LT3681.scr
F 1349661780 829 C:\EAGLE-7.1.0\misc\ltspice\scr\LT3684.scr
F 1349661780 486 C:\EAGLE-7.1.0\misc\ltspice\scr\LT3686.scr
F 1349661780 859 C:\EAGLE-7.1.0\misc\ltspice\scr\LT3686A.scr
F 1349661780 1184 C:\EAGLE-7.1.0\misc\ltspice\scr\LT3689.scr
F 1349661780 1460 C:\EAGLE-7.1.0\misc\ltspice\scr\LT3694-1.scr
F 1349661780 1452 C:\EAGLE-7.1.0\misc\ltspice\scr\LT3694.scr
F 1349661780 589 C:\EAGLE-7.1.0\misc\ltspice\scr\LT3695.scr
F 1349661780 636 C:\EAGLE-7.1.0\misc\ltspice\scr\LT3724.scr
F 1349661780 692 C:\EAGLE-7.1.0\misc\ltspice\scr\LT3740.scr
F 1349661780 818 C:\EAGLE-7.1.0\misc\ltspice\scr\LT3742.scr
F 1349661780 493 C:\EAGLE-7.1.0\misc\ltspice\scr\LT3748.scr
F 1349661780 457 C:\EAGLE-7.1.0\misc\ltspice\scr\LT3750.scr
F 1349661780 1398 C:\EAGLE-7.1.0\misc\ltspice\scr\LT3751.scr
F 1349661780 1169 C:\EAGLE-7.1.0\misc\ltspice\scr\LT3755-1.scr
F 1349661780 1177 C:\EAGLE-7.1.0\misc\ltspice\scr\LT3755-2.scr
F 1349661780 1173 C:\EAGLE-7.1.0\misc\ltspice\scr\LT3755.scr
F 1349661780 1170 C:\EAGLE-7.1.0\misc\ltspice\scr\LT3756-1.scr
F 1349661780 1178 C:\EAGLE-7.1.0\misc\ltspice\scr\LT3756-2.scr
F 1349661780 1174 C:\EAGLE-7.1.0\misc\ltspice\scr\LT3756.scr
F 1349661780 688 C:\EAGLE-7.1.0\misc\ltspice\scr\LT3799-1.scr
F 1349661780 684 C:\EAGLE-7.1.0\misc\ltspice\scr\LT3799.scr
F 1349661780 656 C:\EAGLE-7.1.0\misc\ltspice\scr\LT3800.scr
F 1349661780 693 C:\EAGLE-7.1.0\misc\ltspice\scr\LT3825.scr
F 1349661780 664 C:\EAGLE-7.1.0\misc\ltspice\scr\LT3837.scr
F 1349661780 681 C:\EAGLE-7.1.0\misc\ltspice\scr\LT3845.scr
F 1349661780 727 C:\EAGLE-7.1.0\misc\ltspice\scr\LT3956.scr
F 1349661780 760 C:\EAGLE-7.1.0\misc\ltspice\scr\LT3970.scr
F 1349661780 813 C:\EAGLE-7.1.0\misc\ltspice\scr\LT3990.scr
F 1349661780 896 C:\EAGLE-7.1.0\misc\ltspice\scr\LT4356-1.scr
F 1349661780 896 C:\EAGLE-7.1.0\misc\ltspice\scr\LT4356-2.scr
F 1349661780 916 C:\EAGLE-7.1.0\misc\ltspice\scr\LT4356-3.scr
F 1349661780 360 C:\EAGLE-7.1.0\misc\ltspice\scr\LTC3025-1.scr
F 1349661780 362 C:\EAGLE-7.1.0\misc\ltspice\scr\LTC3025-2.scr
F 1349661780 362 C:\EAGLE-7.1.0\misc\ltspice\scr\LTC3025-3.scr
F 1349661780 362 C:\EAGLE-7.1.0\misc\ltspice\scr\LTC3025-4.scr
F 1349661780 355 C:\EAGLE-7.1.0\misc\ltspice\scr\LTC3025.scr
F 1349661780 702 C:\EAGLE-7.1.0\misc\ltspice\scr\LTC3026.scr
F 1349661780 428 C:\EAGLE-7.1.0\misc\ltspice\scr\LTC3035.scr
F 1349661780 672 C:\EAGLE-7.1.0\misc\ltspice\scr\LTC3100.scr
F 1349661780 878 C:\EAGLE-7.1.0\misc\ltspice\scr\LTC3105.scr
F 1349661780 971 C:\EAGLE-7.1.0\misc\ltspice\scr\LTC3108.scr
F 1349661780 1069 C:\EAGLE-7.1.0\misc\ltspice\scr\LTC3112.scr
F 1349661780 910 C:\EAGLE-7.1.0\misc\ltspice\scr\LTC3113.scr
F 1349661780 435 C:\EAGLE-7.1.0\misc\ltspice\scr\LTC3125.scr
F 1349661780 867 C:\EAGLE-7.1.0\misc\ltspice\scr\LTC3127.scr
F 1349661780 367 C:\EAGLE-7.1.0\misc\ltspice\scr\LTC3200-5.scr
F 1349661780 418 C:\EAGLE-7.1.0\misc\ltspice\scr\LTC3200.scr
F 1349661780 484 C:\EAGLE-7.1.0\misc\ltspice\scr\LTC3201.scr
F 1349661780 780 C:\EAGLE-7.1.0\misc\ltspice\scr\LTC3202.scr
F 1349661780 492 C:\EAGLE-7.1.0\misc\ltspice\scr\LTC3203-1.scr
F 1349661780 494 C:\EAGLE-7.1.0\misc\ltspice\scr\LTC3203B-1.scr
F 1349661780 488 C:\EAGLE-7.1.0\misc\ltspice\scr\LTC3203B.scr
F 1349661780 368 C:\EAGLE-7.1.0\misc\ltspice\scr\LTC3204-3.3.scr
F 1349661780 364 C:\EAGLE-7.1.0\misc\ltspice\scr\LTC3204-5.scr
F 1349661780 370 C:\EAGLE-7.1.0\misc\ltspice\scr\LTC3204B-3.3.scr
F 1349661780 366 C:\EAGLE-7.1.0\misc\ltspice\scr\LTC3204B-5.scr
F 1349661780 870 C:\EAGLE-7.1.0\misc\ltspice\scr\LTC3205.scr
F 1349661780 668 C:\EAGLE-7.1.0\misc\ltspice\scr\LTC3210-1.scr
F 1349661780 669 C:\EAGLE-7.1.0\misc\ltspice\scr\LTC3210-2.scr
F 1349661780 667 C:\EAGLE-7.1.0\misc\ltspice\scr\LTC3210-3.scr
F 1349661780 632 C:\EAGLE-7.1.0\misc\ltspice\scr\LTC3210.scr
F 1349661780 520 C:\EAGLE-7.1.0\misc\ltspice\scr\LTC3212.scr
F 1349661780 451 C:\EAGLE-7.1.0\misc\ltspice\scr\LTC3214.scr
F 1349661780 467 C:\EAGLE-7.1.0\misc\ltspice\scr\LTC3215.scr
F 1349661780 567 C:\EAGLE-7.1.0\misc\ltspice\scr\LTC3216.scr
F 1349661780 645 C:\EAGLE-7.1.0\misc\ltspice\scr\LTC3217.scr
F 1349661780 467 C:\EAGLE-7.1.0\misc\ltspice\scr\LTC3218.scr
F 1349661780 370 C:\EAGLE-7.1.0\misc\ltspice\scr\LTC3221-3.3.scr
F 1349661780 366 C:\EAGLE-7.1.0\misc\ltspice\scr\LTC3221-5.scr
F 1349661780 359 C:\EAGLE-7.1.0\misc\ltspice\scr\LTC3221.scr
F 1349661780 460 C:\EAGLE-7.1.0\misc\ltspice\scr\LTC3225-1.scr
F 1349661780 456 C:\EAGLE-7.1.0\misc\ltspice\scr\LTC3225.scr
F 1349661780 771 C:\EAGLE-7.1.0\misc\ltspice\scr\LTC3230.scr
F 1349661780 379 C:\EAGLE-7.1.0\misc\ltspice\scr\LTC3240-2.5.scr
F 1349661780 379 C:\EAGLE-7.1.0\misc\ltspice\scr\LTC3240-3.3.scr
F 1349661780 384 C:\EAGLE-7.1.0\misc\ltspice\scr\LTC3250-1.2.scr
F 1349661780 384 C:\EAGLE-7.1.0\misc\ltspice\scr\LTC3250-1.5.scr
F 1349661780 498 C:\EAGLE-7.1.0\misc\ltspice\scr\LTC3251.scr
F 1349661780 533 C:\EAGLE-7.1.0\misc\ltspice\scr\LTC3252.scr
F 1349661780 377 C:\EAGLE-7.1.0\misc\ltspice\scr\LTC3400-1.scr
F 1349661780 374 C:\EAGLE-7.1.0\misc\ltspice\scr\LTC3400.scr
F 1349661780 376 C:\EAGLE-7.1.0\misc\ltspice\scr\LTC3400B.scr
F 1349661780 465 C:\EAGLE-7.1.0\misc\ltspice\scr\LTC3401.scr
F 1349661780 465 C:\EAGLE-7.1.0\misc\ltspice\scr\LTC3402.scr
F 1349661780 436 C:\EAGLE-7.1.0\misc\ltspice\scr\LTC3403.scr
F 1349661780 364 C:\EAGLE-7.1.0\misc\ltspice\scr\LTC3405.scr
F 1349661780 389 C:\EAGLE-7.1.0\misc\ltspice\scr\LTC3405A-1.375.scr
F 1349661780 389 C:\EAGLE-7.1.0\misc\ltspice\scr\LTC3405A-1.5.scr
F 1349661780 389 C:\EAGLE-7.1.0\misc\ltspice\scr\LTC3405A-1.8.scr
F 1349661780 366 C:\EAGLE-7.1.0\misc\ltspice\scr\LTC3405A.scr
F 1349661780 347 C:\EAGLE-7.1.0\misc\ltspice\scr\LTC3406-1.2.scr
F 1349661780 347 C:\EAGLE-7.1.0\misc\ltspice\scr\LTC3406-1.5.scr
F 1349661780 347 C:\EAGLE-7.1.0\misc\ltspice\scr\LTC3406-1.8.scr
F 1349661780 337 C:\EAGLE-7.1.0\misc\ltspice\scr\LTC3406.scr
F 1349661780 339 C:\EAGLE-7.1.0\misc\ltspice\scr\LTC3406A.scr
F 1349661780 341 C:\EAGLE-7.1.0\misc\ltspice\scr\LTC3406AB.scr
F 1349661780 349 C:\EAGLE-7.1.0\misc\ltspice\scr\LTC3406B-1.2.scr
F 1349661780 344 C:\EAGLE-7.1.0\misc\ltspice\scr\LTC3406B-2.scr
F 1349661780 339 C:\EAGLE-7.1.0\misc\ltspice\scr\LTC3406B.scr
F 1349661780 395 C:\EAGLE-7.1.0\misc\ltspice\scr\LTC3408.scr
F 1349661780 392 C:\EAGLE-7.1.0\misc\ltspice\scr\LTC3409.scr
F 1349661780 359 C:\EAGLE-7.1.0\misc\ltspice\scr\LTC3410-1.875.scr
F 1349661780 343 C:\EAGLE-7.1.0\misc\ltspice\scr\LTC3410.scr
F 1349661780 345 C:\EAGLE-7.1.0\misc\ltspice\scr\LTC3410B.scr
F 1349661780 799 C:\EAGLE-7.1.0\misc\ltspice\scr\LTC3411.scr
F 1349661780 801 C:\EAGLE-7.1.0\misc\ltspice\scr\LTC3411A.scr
F 1349661780 917 C:\EAGLE-7.1.0\misc\ltspice\scr\LTC3412.scr
F 1349661780 917 C:\EAGLE-7.1.0\misc\ltspice\scr\LTC3412A.scr
F 1349661780 555 C:\EAGLE-7.1.0\misc\ltspice\scr\LTC3413.scr
F 1349661780 579 C:\EAGLE-7.1.0\misc\ltspice\scr\LTC3414.scr
F 1349661780 801 C:\EAGLE-7.1.0\misc\ltspice\scr\LTC3415.scr
F 1349661780 594 C:\EAGLE-7.1.0\misc\ltspice\scr\LTC3416.scr
F 1349661780 1215 C:\EAGLE-7.1.0\misc\ltspice\scr\LTC3417.scr
F 1349661780 1218 C:\EAGLE-7.1.0\misc\ltspice\scr\LTC3417A-2.scr
F 1349661780 1214 C:\EAGLE-7.1.0\misc\ltspice\scr\LTC3417A.scr
F 1349661780 735 C:\EAGLE-7.1.0\misc\ltspice\scr\LTC3419.scr
F 1349661780 480 C:\EAGLE-7.1.0\misc\ltspice\scr\LTC3423.scr
F 1349661780 350 C:\EAGLE-7.1.0\misc\ltspice\scr\LTC3426.scr
F 1349661780 391 C:\EAGLE-7.1.0\misc\ltspice\scr\LTC3427.scr
F 1349661780 488 C:\EAGLE-7.1.0\misc\ltspice\scr\LTC3428.scr
F 1349661780 385 C:\EAGLE-7.1.0\misc\ltspice\scr\LTC3429.scr
F 1349661780 782 C:\EAGLE-7.1.0\misc\ltspice\scr\LTC3440.scr
F 1349661780 518 C:\EAGLE-7.1.0\misc\ltspice\scr\LTC3441.scr
F 1349661780 569 C:\EAGLE-7.1.0\misc\ltspice\scr\LTC3442.scr
F 1349661780 528 C:\EAGLE-7.1.0\misc\ltspice\scr\LTC3443.scr
F 1349661780 440 C:\EAGLE-7.1.0\misc\ltspice\scr\LTC3444.scr
F 1349661780 629 C:\EAGLE-7.1.0\misc\ltspice\scr\LTC3446.scr
F 1349661780 739 C:\EAGLE-7.1.0\misc\ltspice\scr\LTC3452.scr
F 1349661780 619 C:\EAGLE-7.1.0\misc\ltspice\scr\LTC3453.scr
F 1349661780 495 C:\EAGLE-7.1.0\misc\ltspice\scr\LTC3454.scr
F 1349661780 783 C:\EAGLE-7.1.0\misc\ltspice\scr\LTC3459.scr
F 1349661780 668 C:\EAGLE-7.1.0\misc\ltspice\scr\LTC3490.scr
F 1349661780 696 C:\EAGLE-7.1.0\misc\ltspice\scr\LTC3499.scr
F 1349661780 698 C:\EAGLE-7.1.0\misc\ltspice\scr\LTC3499B.scr
F 1349661780 870 C:\EAGLE-7.1.0\misc\ltspice\scr\LTC3521.scr
F 1349661780 662 C:\EAGLE-7.1.0\misc\ltspice\scr\LTC3522.scr
F 1349661780 670 C:\EAGLE-7.1.0\misc\ltspice\scr\LTC3523-2.scr
F 1349661780 666 C:\EAGLE-7.1.0\misc\ltspice\scr\LTC3523.scr
F 1349661780 873 C:\EAGLE-7.1.0\misc\ltspice\scr\LTC3524.scr
F 1349661780 384 C:\EAGLE-7.1.0\misc\ltspice\scr\LTC3526-2.scr
F 1349661780 380 C:\EAGLE-7.1.0\misc\ltspice\scr\LTC3526.scr
F 1349661780 386 C:\EAGLE-7.1.0\misc\ltspice\scr\LTC3526B-2.scr
F 1349661780 382 C:\EAGLE-7.1.0\misc\ltspice\scr\LTC3526B.scr
F 1349661780 386 C:\EAGLE-7.1.0\misc\ltspice\scr\LTC3526L-2.scr
F 1349661780 382 C:\EAGLE-7.1.0\misc\ltspice\scr\LTC3526L.scr
F 1349661780 388 C:\EAGLE-7.1.0\misc\ltspice\scr\LTC3526LB-2.scr
F 1349661780 384 C:\EAGLE-7.1.0\misc\ltspice\scr\LTC3526LB.scr
F 1349661780 676 C:\EAGLE-7.1.0\misc\ltspice\scr\LTC3527-1.scr
F 1349661780 672 C:\EAGLE-7.1.0\misc\ltspice\scr\LTC3527.scr
F 1349661780 439 C:\EAGLE-7.1.0\misc\ltspice\scr\LTC3528-2.scr
F 1349661780 436 C:\EAGLE-7.1.0\misc\ltspice\scr\LTC3528.scr
F 1349661780 441 C:\EAGLE-7.1.0\misc\ltspice\scr\LTC3528B-2.scr
F 1349661780 438 C:\EAGLE-7.1.0\misc\ltspice\scr\LTC3528B.scr
F 1349661780 431 C:\EAGLE-7.1.0\misc\ltspice\scr\LTC3529.scr
F 1349661780 798 C:\EAGLE-7.1.0\misc\ltspice\scr\LTC3530.scr
F 1349661780 423 C:\EAGLE-7.1.0\misc\ltspice\scr\LTC3531-3.3.scr
F 1349661780 419 C:\EAGLE-7.1.0\misc\ltspice\scr\LTC3531-3.scr
F 1349661780 414 C:\EAGLE-7.1.0\misc\ltspice\scr\LTC3531.scr
F 1349661780 790 C:\EAGLE-7.1.0\misc\ltspice\scr\LTC3532.scr
F 1349661780 578 C:\EAGLE-7.1.0\misc\ltspice\scr\LTC3533.scr
F 1349661780 931 C:\EAGLE-7.1.0\misc\ltspice\scr\LTC3534.scr
F 1349661780 549 C:\EAGLE-7.1.0\misc\ltspice\scr\LTC3535.scr
F 1349661780 662 C:\EAGLE-7.1.0\misc\ltspice\scr\LTC3537.scr
F 1349661780 414 C:\EAGLE-7.1.0\misc\ltspice\scr\LTC3538.scr
F 1349661780 426 C:\EAGLE-7.1.0\misc\ltspice\scr\LTC3539-2.scr
F 1349661780 422 C:\EAGLE-7.1.0\misc\ltspice\scr\LTC3539.scr
F 1349661780 475 C:\EAGLE-7.1.0\misc\ltspice\scr\LTC3541-1.scr
F 1349661780 473 C:\EAGLE-7.1.0\misc\ltspice\scr\LTC3541-2.scr
F 1349661780 473 C:\EAGLE-7.1.0\misc\ltspice\scr\LTC3541-3.scr
F 1349661780 471 C:\EAGLE-7.1.0\misc\ltspice\scr\LTC3541.scr
F 1349661780 375 C:\EAGLE-7.1.0\misc\ltspice\scr\LTC3542-1.scr
F 1349661780 567 C:\EAGLE-7.1.0\misc\ltspice\scr\LTC3542.scr
F 1349661780 419 C:\EAGLE-7.1.0\misc\ltspice\scr\LTC3543.scr
F 1349661780 694 C:\EAGLE-7.1.0\misc\ltspice\scr\LTC3544.scr
F 1349661780 696 C:\EAGLE-7.1.0\misc\ltspice\scr\LTC3544B.scr
F 1349661780 657 C:\EAGLE-7.1.0\misc\ltspice\scr\LTC3545-1.scr
F 1349661780 651 C:\EAGLE-7.1.0\misc\ltspice\scr\LTC3545.scr
F 1349661780 1842 C:\EAGLE-7.1.0\misc\ltspice\scr\LTC3546.scr
F 1349661780 424 C:\EAGLE-7.1.0\misc\ltspice\scr\LTC3547.scr
F 1349661780 426 C:\EAGLE-7.1.0\misc\ltspice\scr\LTC3547B.scr
F 1349661780 361 C:\EAGLE-7.1.0\misc\ltspice\scr\LTC3549.scr
F 1349661780 650 C:\EAGLE-7.1.0\misc\ltspice\scr\LTC3550-1.scr
F 1349661780 645 C:\EAGLE-7.1.0\misc\ltspice\scr\LTC3550.scr
F 1349661780 700 C:\EAGLE-7.1.0\misc\ltspice\scr\LTC3552-1.scr
F 1349661780 365 C:\EAGLE-7.1.0\misc\ltspice\scr\LTC3560.scr
F 1349661780 420 C:\EAGLE-7.1.0\misc\ltspice\scr\LTC3561.scr
F 1349661780 422 C:\EAGLE-7.1.0\misc\ltspice\scr\LTC3561A.scr
F 1349661780 391 C:\EAGLE-7.1.0\misc\ltspice\scr\LTC3563.scr
F 1349661780 511 C:\EAGLE-7.1.0\misc\ltspice\scr\LTC3564.scr
F 1349661780 794 C:\EAGLE-7.1.0\misc\ltspice\scr\LTC3565.scr
F 1349661780 480 C:\EAGLE-7.1.0\misc\ltspice\scr\LTC3568.scr
F 1349661780 1403 C:\EAGLE-7.1.0\misc\ltspice\scr\LTC3569.scr
F 1349661780 830 C:\EAGLE-7.1.0\misc\ltspice\scr\LTC3588-1.scr
F 1349661780 1084 C:\EAGLE-7.1.0\misc\ltspice\scr\LTC3601.scr
F 1349661780 1026 C:\EAGLE-7.1.0\misc\ltspice\scr\LTC3602.scr
F 1349661780 1032 C:\EAGLE-7.1.0\misc\ltspice\scr\LTC3603.scr
F 1349661780 1084 C:\EAGLE-7.1.0\misc\ltspice\scr\LTC3604.scr
F 1349661780 725 C:\EAGLE-7.1.0\misc\ltspice\scr\LTC3605.scr
F 1349661780 412 C:\EAGLE-7.1.0\misc\ltspice\scr\LTC3606B.scr
F 1349661780 789 C:\EAGLE-7.1.0\misc\ltspice\scr\LTC3608.scr
F 1349661780 789 C:\EAGLE-7.1.0\misc\ltspice\scr\LTC3609.scr
F 1349661780 823 C:\EAGLE-7.1.0\misc\ltspice\scr\LTC3610.scr
F 1349661780 823 C:\EAGLE-7.1.0\misc\ltspice\scr\LTC3611.scr
F 1349661780 1140 C:\EAGLE-7.1.0\misc\ltspice\scr\LTC3612.scr
F 1349661780 640 C:\EAGLE-7.1.0\misc\ltspice\scr\LTC3614.scr
F 1349661780 1496 C:\EAGLE-7.1.0\misc\ltspice\scr\LTC3615.scr
F 1349661780 640 C:\EAGLE-7.1.0\misc\ltspice\scr\LTC3616.scr
F 1349661780 1502 C:\EAGLE-7.1.0\misc\ltspice\scr\LTC3618.scr
F 1349661780 870 C:\EAGLE-7.1.0\misc\ltspice\scr\LTC3619.scr
F 1349661780 872 C:\EAGLE-7.1.0\misc\ltspice\scr\LTC3619B.scr
F 1349661780 435 C:\EAGLE-7.1.0\misc\ltspice\scr\LTC3620.scr
F 1349661780 697 C:\EAGLE-7.1.0\misc\ltspice\scr\LTC3631.scr
F 1349661780 696 C:\EAGLE-7.1.0\misc\ltspice\scr\LTC3632.scr
F 1349661780 1754 C:\EAGLE-7.1.0\misc\ltspice\scr\LTC3633.scr
F 1349661780 1739 C:\EAGLE-7.1.0\misc\ltspice\scr\LTC3634.scr
F 1349661780 696 C:\EAGLE-7.1.0\misc\ltspice\scr\LTC3642.scr
F 1349661780 570 C:\EAGLE-7.1.0\misc\ltspice\scr\LTC3670.scr
F 1349661780 463 C:\EAGLE-7.1.0\misc\ltspice\scr\LTC3672B-1.scr
F 1349661780 463 C:\EAGLE-7.1.0\misc\ltspice\scr\LTC3672B-2.scr
F 1349661780 491 C:\EAGLE-7.1.0\misc\ltspice\scr\LTC3700.scr
F 1349661780 684 C:\EAGLE-7.1.0\misc\ltspice\scr\LTC3701.scr
F 1349661780 1179 C:\EAGLE-7.1.0\misc\ltspice\scr\LTC3703-5.scr
F 1349661780 1176 C:\EAGLE-7.1.0\misc\ltspice\scr\LTC3703.scr
F 1349661780 489 C:\EAGLE-7.1.0\misc\ltspice\scr\LTC3704.scr
F 1349661780 612 C:\EAGLE-7.1.0\misc\ltspice\scr\LTC3705.scr
F 1349661780 866 C:\EAGLE-7.1.0\misc\ltspice\scr\LTC3706.scr
F 1349661780 1040 C:\EAGLE-7.1.0\misc\ltspice\scr\LTC3707-SYNC.scr
F 1349661780 1031 C:\EAGLE-7.1.0\misc\ltspice\scr\LTC3707.scr
F 1349661780 1130 C:\EAGLE-7.1.0\misc\ltspice\scr\LTC3708.scr
F 1349661780 2062 C:\EAGLE-7.1.0\misc\ltspice\scr\LTC3709.scr
F 1349661780 888 C:\EAGLE-7.1.0\misc\ltspice\scr\LTC3711.scr
F 1349661780 893 C:\EAGLE-7.1.0\misc\ltspice\scr\LTC3713.scr
F 1349661780 1009 C:\EAGLE-7.1.0\misc\ltspice\scr\LTC3714.scr
F 1349661780 1273 C:\EAGLE-7.1.0\misc\ltspice\scr\LTC3716.scr
F 1349661780 864 C:\EAGLE-7.1.0\misc\ltspice\scr\LTC3717-1.scr
F 1349661780 674 C:\EAGLE-7.1.0\misc\ltspice\scr\LTC3717.scr
F 1349661780 886 C:\EAGLE-7.1.0\misc\ltspice\scr\LTC3718.scr
F 1349661780 1247 C:\EAGLE-7.1.0\misc\ltspice\scr\LTC3719.scr
F 1349661780 597 C:\EAGLE-7.1.0\misc\ltspice\scr\LTC3721-1.scr
F 1349661780 626 C:\EAGLE-7.1.0\misc\ltspice\scr\LTC3723-1.scr
F 1349661780 626 C:\EAGLE-7.1.0\misc\ltspice\scr\LTC3723-2.scr
F 1349661780 506 C:\EAGLE-7.1.0\misc\ltspice\scr\LTC3725.scr
F 1349661780 628 C:\EAGLE-7.1.0\misc\ltspice\scr\LTC3726.scr
F 1349661780 1936 C:\EAGLE-7.1.0\misc\ltspice\scr\LTC3727-1.scr
F 1349661780 1029 C:\EAGLE-7.1.0\misc\ltspice\scr\LTC3727.scr
F 1349661780 1035 C:\EAGLE-7.1.0\misc\ltspice\scr\LTC3727A-1.scr
F 1349661780 1939 C:\EAGLE-7.1.0\misc\ltspice\scr\LTC3727LX-1.scr
F 1349661780 1928 C:\EAGLE-7.1.0\misc\ltspice\scr\LTC3728.scr
F 1349661780 1913 C:\EAGLE-7.1.0\misc\ltspice\scr\LTC3728L.scr
F 1349661780 1922 C:\EAGLE-7.1.0\misc\ltspice\scr\LTC3729.scr
F 1349661780 1058 C:\EAGLE-7.1.0\misc\ltspice\scr\LTC3729L-6.scr
F 1349661780 1247 C:\EAGLE-7.1.0\misc\ltspice\scr\LTC3732.scr
F 1349661780 1204 C:\EAGLE-7.1.0\misc\ltspice\scr\LTC3733.scr
F 1349661780 1580 C:\EAGLE-7.1.0\misc\ltspice\scr\LTC3736-1.scr
F 1349661780 1590 C:\EAGLE-7.1.0\misc\ltspice\scr\LTC3736-2.scr
F 1349661780 1587 C:\EAGLE-7.1.0\misc\ltspice\scr\LTC3736.scr
F 1349661780 645 C:\EAGLE-7.1.0\misc\ltspice\scr\LTC3765.scr
F 1349661780 1787 C:\EAGLE-7.1.0\misc\ltspice\scr\LTC3766.scr
F 1349661780 1098 C:\EAGLE-7.1.0\misc\ltspice\scr\LTC3770.scr
F 1349661780 703 C:\EAGLE-7.1.0\misc\ltspice\scr\LTC3772.scr
F 1349661780 705 C:\EAGLE-7.1.0\misc\ltspice\scr\LTC3772B.scr
F 1349661780 1340 C:\EAGLE-7.1.0\misc\ltspice\scr\LTC3773.scr
F 1349661780 1204 C:\EAGLE-7.1.0\misc\ltspice\scr\LTC3775.scr
F 1349661780 1596 C:\EAGLE-7.1.0\misc\ltspice\scr\LTC3776.scr
F 1349661780 756 C:\EAGLE-7.1.0\misc\ltspice\scr\LTC3778.scr
F 1349661780 1687 C:\EAGLE-7.1.0\misc\ltspice\scr\LTC3780.scr
F 1349661780 905 C:\EAGLE-7.1.0\misc\ltspice\scr\LTC3785-1.scr
F 1349661780 906 C:\EAGLE-7.1.0\misc\ltspice\scr\LTC3785.scr
F 1349661780 1135 C:\EAGLE-7.1.0\misc\ltspice\scr\LTC3786.scr
F 1349661780 1839 C:\EAGLE-7.1.0\misc\ltspice\scr\LTC3787.scr
F 1349661780 1002 C:\EAGLE-7.1.0\misc\ltspice\scr\LTC3788-1.scr
F 1349661780 1123 C:\EAGLE-7.1.0\misc\ltspice\scr\LTC3788.scr
F 1349661780 385 C:\EAGLE-7.1.0\misc\ltspice\scr\LTC3801.scr
F 1349661780 387 C:\EAGLE-7.1.0\misc\ltspice\scr\LTC3801B.scr
F 1349661780 1025 C:\EAGLE-7.1.0\misc\ltspice\scr\LTC3802.scr
F 1349661780 387 C:\EAGLE-7.1.0\misc\ltspice\scr\LTC3803-3.scr
F 1349661780 387 C:\EAGLE-7.1.0\misc\ltspice\scr\LTC3803-5.scr
F 1349661780 383 C:\EAGLE-7.1.0\misc\ltspice\scr\LTC3803.scr
F 1349661780 493 C:\EAGLE-7.1.0\misc\ltspice\scr\LTC3806.scr
F 1349661780 1110 C:\EAGLE-7.1.0\misc\ltspice\scr\LTC3808.scr
F 1349661780 871 C:\EAGLE-7.1.0\misc\ltspice\scr\LTC3809-1.scr
F 1349661780 842 C:\EAGLE-7.1.0\misc\ltspice\scr\LTC3809.scr
F 1349661780 924 C:\EAGLE-7.1.0\misc\ltspice\scr\LTC3810-5.scr
F 1349661780 905 C:\EAGLE-7.1.0\misc\ltspice\scr\LTC3810.scr
F 1349661780 1328 C:\EAGLE-7.1.0\misc\ltspice\scr\LTC3811.scr
F 1349661780 664 C:\EAGLE-7.1.0\misc\ltspice\scr\LTC3812-5.scr
F 1349661780 884 C:\EAGLE-7.1.0\misc\ltspice\scr\LTC3813.scr
F 1349661780 654 C:\EAGLE-7.1.0\misc\ltspice\scr\LTC3814-5.scr
F 1349661780 2496 C:\EAGLE-7.1.0\misc\ltspice\scr\LTC3816.scr
F 1349661780 649 C:\EAGLE-7.1.0\misc\ltspice\scr\LTC3822-1.scr
F 1349661780 850 C:\EAGLE-7.1.0\misc\ltspice\scr\LTC3822.scr
F 1349661780 488 C:\EAGLE-7.1.0\misc\ltspice\scr\LTC3824.scr
F 1349661780 1020 C:\EAGLE-7.1.0\misc\ltspice\scr\LTC3826-1.scr
F 1349661780 1146 C:\EAGLE-7.1.0\misc\ltspice\scr\LTC3826.scr
F 1349661780 1019 C:\EAGLE-7.1.0\misc\ltspice\scr\LTC3827-1.scr
F 1349661780 2495 C:\EAGLE-7.1.0\misc\ltspice\scr\LTC3829.scr
F 1349661780 445 C:\EAGLE-7.1.0\misc\ltspice\scr\LTC3830-1.scr
F 1349661780 1408 C:\EAGLE-7.1.0\misc\ltspice\scr\LTC3830.scr
F 1349661780 663 C:\EAGLE-7.1.0\misc\ltspice\scr\LTC3831.scr
F 1349661780 445 C:\EAGLE-7.1.0\misc\ltspice\scr\LTC3832-1.scr
F 1349661780 667 C:\EAGLE-7.1.0\misc\ltspice\scr\LTC3832.scr
F 1349661780 1464 C:\EAGLE-7.1.0\misc\ltspice\scr\LTC3833.scr
F 1349661780 1151 C:\EAGLE-7.1.0\misc\ltspice\scr\LTC3834-1.scr
F 1349661780 1150 C:\EAGLE-7.1.0\misc\ltspice\scr\LTC3835-1.scr
F 1349661780 1394 C:\EAGLE-7.1.0\misc\ltspice\scr\LTC3835.scr
F 1349661780 1713 C:\EAGLE-7.1.0\misc\ltspice\scr\LTC3836.scr
F 1349661780 1035 C:\EAGLE-7.1.0\misc\ltspice\scr\LTC3850-1.scr
F 1349661780 1035 C:\EAGLE-7.1.0\misc\ltspice\scr\LTC3850-2.scr
F 1349661780 1955 C:\EAGLE-7.1.0\misc\ltspice\scr\LTC3850.scr
F 1349661780 1176 C:\EAGLE-7.1.0\misc\ltspice\scr\LTC3851-1.scr
F 1349661780 1668 C:\EAGLE-7.1.0\misc\ltspice\scr\LTC3851.scr
F 1349661780 1178 C:\EAGLE-7.1.0\misc\ltspice\scr\LTC3851A-1.scr
F 1349661780 1670 C:\EAGLE-7.1.0\misc\ltspice\scr\LTC3851A.scr
F 1349661780 873 C:\EAGLE-7.1.0\misc\ltspice\scr\LTC3852.scr
F 1349661780 1372 C:\EAGLE-7.1.0\misc\ltspice\scr\LTC3853.scr
F 1349661780 940 C:\EAGLE-7.1.0\misc\ltspice\scr\LTC3854.scr
F 1349661780 2567 C:\EAGLE-7.1.0\misc\ltspice\scr\LTC3855.scr
F 1349661780 1256 C:\EAGLE-7.1.0\misc\ltspice\scr\LTC3856.scr
F 1349661780 1019 C:\EAGLE-7.1.0\misc\ltspice\scr\LTC3857-1.scr
F 1349661780 1140 C:\EAGLE-7.1.0\misc\ltspice\scr\LTC3857.scr
F 1349661780 1856 C:\EAGLE-7.1.0\misc\ltspice\scr\LTC3858-1.scr
F 1349661780 1131 C:\EAGLE-7.1.0\misc\ltspice\scr\LTC3858-2.scr
F 1349661780 1127 C:\EAGLE-7.1.0\misc\ltspice\scr\LTC3858.scr
F 1349661780 2488 C:\EAGLE-7.1.0\misc\ltspice\scr\LTC3859.scr
F 1349661780 1138 C:\EAGLE-7.1.0\misc\ltspice\scr\LTC3860.scr
F 1349661780 2366 C:\EAGLE-7.1.0\misc\ltspice\scr\LTC3862-1.scr
F 1349661780 2362 C:\EAGLE-7.1.0\misc\ltspice\scr\LTC3862.scr
F 1349661780 1284 C:\EAGLE-7.1.0\misc\ltspice\scr\LTC3865.scr
F 1349661780 949 C:\EAGLE-7.1.0\misc\ltspice\scr\LTC3867.scr
F 1349661780 1856 C:\EAGLE-7.1.0\misc\ltspice\scr\LTC3868-1.scr
F 1349661780 1127 C:\EAGLE-7.1.0\misc\ltspice\scr\LTC3868.scr
F 1349661780 1009 C:\EAGLE-7.1.0\misc\ltspice\scr\LTC3869-2.scr
F 1349661780 1034 C:\EAGLE-7.1.0\misc\ltspice\scr\LTC3869.scr
F 1349661780 676 C:\EAGLE-7.1.0\misc\ltspice\scr\LTC3872.scr
F 1349661780 715 C:\EAGLE-7.1.0\misc\ltspice\scr\LTC3873-5.scr
F 1349661780 711 C:\EAGLE-7.1.0\misc\ltspice\scr\LTC3873.scr
F 1349661780 649 C:\EAGLE-7.1.0\misc\ltspice\scr\LTC3878.scr
F 1349661780 1143 C:\EAGLE-7.1.0\misc\ltspice\scr\LTC3879.scr
F 1349661780 1029 C:\EAGLE-7.1.0\misc\ltspice\scr\LTC3890-1.scr
F 1349661780 1150 C:\EAGLE-7.1.0\misc\ltspice\scr\LTC3890.scr
F 1349661780 1337 C:\EAGLE-7.1.0\misc\ltspice\scr\LTC3891.scr
F 1349661780 412 C:\EAGLE-7.1.0\misc\ltspice\scr\LTC3900.scr
F 1349661780 579 C:\EAGLE-7.1.0\misc\ltspice\scr\LTC3901.scr
F 1349661780 878 C:\EAGLE-7.1.0\misc\ltspice\scr\LTM4600.scr
F 1349661780 884 C:\EAGLE-7.1.0\misc\ltspice\scr\LTM4600HV.scr
F 1349661780 1117 C:\EAGLE-7.1.0\misc\ltspice\scr\LTM4601.scr
F 1349661780 1146 C:\EAGLE-7.1.0\misc\ltspice\scr\LTM4601A-1.scr
F 1349661780 1225 C:\EAGLE-7.1.0\misc\ltspice\scr\LTM4601A.scr
F 1349661780 1235 C:\EAGLE-7.1.0\misc\ltspice\scr\LTM4601AHV.scr
F 1349661780 1126 C:\EAGLE-7.1.0\misc\ltspice\scr\LTM4601HV.scr
F 1349661780 874 C:\EAGLE-7.1.0\misc\ltspice\scr\LTM4602.scr
F 1349661780 885 C:\EAGLE-7.1.0\misc\ltspice\scr\LTM4602HV.scr
F 1349661780 1064 C:\EAGLE-7.1.0\misc\ltspice\scr\LTM4603-1.scr
F 1349661780 1115 C:\EAGLE-7.1.0\misc\ltspice\scr\LTM4603.scr
F 1349661780 1126 C:\EAGLE-7.1.0\misc\ltspice\scr\LTM4603HV.scr
F 1349661780 663 C:\EAGLE-7.1.0\misc\ltspice\scr\LTM4604.scr
F 1349661780 654 C:\EAGLE-7.1.0\misc\ltspice\scr\LTM4604A.scr
F 1349661780 1188 C:\EAGLE-7.1.0\misc\ltspice\scr\LTM4605.scr
F 1349661780 1157 C:\EAGLE-7.1.0\misc\ltspice\scr\LTM4606.scr
F 1349661780 1202 C:\EAGLE-7.1.0\misc\ltspice\scr\LTM4607.scr
F 1349661780 949 C:\EAGLE-7.1.0\misc\ltspice\scr\LTM4608A.scr
F 1349661780 1203 C:\EAGLE-7.1.0\misc\ltspice\scr\LTM4609.scr
F 1349661780 1108 C:\EAGLE-7.1.0\misc\ltspice\scr\LTM4611.scr
F 1349661780 1167 C:\EAGLE-7.1.0\misc\ltspice\scr\LTM4612.scr
F 1349661780 1171 C:\EAGLE-7.1.0\misc\ltspice\scr\LTM4613.scr
F 1349661780 1679 C:\EAGLE-7.1.0\misc\ltspice\scr\LTM4616.scr
F 1349661780 873 C:\EAGLE-7.1.0\misc\ltspice\scr\LTM4618.scr
F 1349661780 1213 C:\EAGLE-7.1.0\misc\ltspice\scr\LTM4619.scr
F 1349661780 1113 C:\EAGLE-7.1.0\misc\ltspice\scr\LTM4627.scr
F 1349661780 398 C:\EAGLE-7.1.0\misc\ltspice\scr\LTM8020.scr
F 1349661780 452 C:\EAGLE-7.1.0\misc\ltspice\scr\LTM8021.scr
F 1349661780 632 C:\EAGLE-7.1.0\misc\ltspice\scr\LTM8040.scr
F 1349661780 779 C:\EAGLE-7.1.0\misc\ltspice\scr\LTM8042-1.scr
F 1349661780 775 C:\EAGLE-7.1.0\misc\ltspice\scr\LTM8042.scr
F 1349661780 547 C:\EAGLE-7.1.0\misc\ltspice\scr\LTM8047.scr
F 1349661780 651 C:\EAGLE-7.1.0\misc\ltspice\scr\LTM8048.scr
F 1349661780 748 C:\EAGLE-7.1.0\misc\ltspice\scr\LTM8062.scr
F 1165968980 683 C:\EAGLE-7.1.0\projects\DESCRIPTION
F 1349661780 288145 C:\EAGLE-7.1.0\projects\examples\arduino\Arduino_MEGA2560_ref.brd
F 1349661780 1378533 C:\EAGLE-7.1.0\projects\examples\arduino\Arduino_MEGA2560_ref.sch
F 1323738720 683 C:\EAGLE-7.1.0\projects\examples\arduino\DESCRIPTION
F 1323738720 559 C:\EAGLE-7.1.0\projects\examples\arduino\eagle.epf
F 1165968980 270 C:\EAGLE-7.1.0\projects\examples\DESCRIPTION
F 1208739600 161 C:\EAGLE-7.1.0\projects\examples\elektro\DESCRIPTION
F 1323738720 106511 C:\EAGLE-7.1.0\projects\examples\elektro\stern-dreieck-anlauf.sch
F 1165968980 273 C:\EAGLE-7.1.0\projects\examples\hexapod\DESCRIPTION
F 1323738720 484 C:\EAGLE-7.1.0\projects\examples\hexapod\eagle.epf
F 1357524240 227713 C:\EAGLE-7.1.0\projects\examples\hexapod\hexapod.brd
F 1334282520 217349 C:\EAGLE-7.1.0\projects\examples\hexapod\hexapod.sch
F 1357524240 135464 C:\EAGLE-7.1.0\projects\examples\ltspice\3518-eagle.sch
F 1357524240 46666 C:\EAGLE-7.1.0\projects\examples\ltspice\3518.sch
F 1357524240 2035 C:\EAGLE-7.1.0\projects\examples\ltspice\eagle.epf
F 1165968980 362 C:\EAGLE-7.1.0\projects\examples\singlesided\DESCRIPTION
F 1334282520 538 C:\EAGLE-7.1.0\projects\examples\singlesided\eagle.epf
F 1334282520 49065 C:\EAGLE-7.1.0\projects\examples\singlesided\singlesided.brd
F 1334282520 334966 C:\EAGLE-7.1.0\projects\examples\singlesided\singlesided.sch
F 1059696660 2561 C:\EAGLE-7.1.0\projects\examples\singlesided\singlesided_h.ctl
F 1059696660 2561 C:\EAGLE-7.1.0\projects\examples\singlesided\singlesided_v.ctl
F 1407726060 825 C:\EAGLE-7.1.0\projects\examples\ti-launchpad\DESCRIPTION
F 1407726060 4016 C:\EAGLE-7.1.0\projects\examples\ti-launchpad\eagle.epf
F 1405306800 1665618 C:\EAGLE-7.1.0\projects\examples\ti-launchpad\MSP-EXP430F5529LP.brd
F 1405306800 2247692 C:\EAGLE-7.1.0\projects\examples\ti-launchpad\MSP-EXP430F5529LP.sch
F 1334282520 87785 C:\EAGLE-7.1.0\projects\examples\tutorial\bus.sch
F 1334282520 620328 C:\EAGLE-7.1.0\projects\examples\tutorial\demo1.sch
F 1334282520 55082 C:\EAGLE-7.1.0\projects\examples\tutorial\demo2.brd
F 1334282520 620328 C:\EAGLE-7.1.0\projects\examples\tutorial\demo2.sch
F 1334282520 58608 C:\EAGLE-7.1.0\projects\examples\tutorial\demo3.brd
F 1334282520 620329 C:\EAGLE-7.1.0\projects\examples\tutorial\demo3.sch
F 1165968980 365 C:\EAGLE-7.1.0\projects\examples\tutorial\DESCRIPTION
F 1323738720 113428 C:\EAGLE-7.1.0\projects\examples\tutorial\hexapodu.brd
F 1059696660 2431 C:\EAGLE-7.1.0\projects\examples\tutorial\hexapodu.ctl
F 1375841100 996 C:\EAGLE-7.1.0\scr\default-assign.scr
F 1208739600 1417 C:\EAGLE-7.1.0\scr\defaultcolors.scr
F 1208739600 400 C:\EAGLE-7.1.0\scr\delete-signals.scr
F 1165968980 816 C:\EAGLE-7.1.0\scr\DESCRIPTION
F 1405306800 2267 C:\EAGLE-7.1.0\scr\eagle.scr
F 1208739600 510 C:\EAGLE-7.1.0\scr\elektro-init.scr
F 977443200 495 C:\EAGLE-7.1.0\scr\euro.scr
F 977443200 222 C:\EAGLE-7.1.0\scr\fill.scr
F 1375841100 2348 C:\EAGLE-7.1.0\scr\lbr-assign.scr
F 977443200 1168 C:\EAGLE-7.1.0\scr\menu.scr
F 1080087080 3074 C:\EAGLE-7.1.0\scr\mylayers.scr
F 989798580 284 C:\EAGLE-7.1.0\scr\nofill.scr
F 1407726060 18217 C:\EAGLE-7.1.0\ulp\bom.ulp
F 1017274150 15414 C:\EAGLE-7.1.0\ulp\cam2dxf.ulp
F 1112055240 17439 C:\EAGLE-7.1.0\ulp\cam2image.ulp
F 1017274150 718 C:\EAGLE-7.1.0\ulp\cam2print-box-grey-optimize.bmp
F 1017274150 718 C:\EAGLE-7.1.0\ulp\cam2print-box-grey-poscoord.bmp
F 1017274150 718 C:\EAGLE-7.1.0\ulp\cam2print-box-grey-quickplot.bmp
F 1323738720 27003 C:\EAGLE-7.1.0\ulp\cam2print.ulp
F 1334282520 1940 C:\EAGLE-7.1.0\ulp\centroid-screamingcircuits-smd.ulp
F 1059696660 5214 C:\EAGLE-7.1.0\ulp\change-pad-in-lbr-1.bmp
F 1059696660 5266 C:\EAGLE-7.1.0\ulp\change-pad-in-lbr-x.bmp
F 1112055240 16032 C:\EAGLE-7.1.0\ulp\change-pad-in-lbr.ulp
F 1292202660 3719 C:\EAGLE-7.1.0\ulp\change-prefix-sch.ulp
F 1292202660 4523 C:\EAGLE-7.1.0\ulp\change-via-by-stack.ulp
F 1323738720 2465 C:\EAGLE-7.1.0\ulp\check-used-lbrs.ulp
F 1208739600 2881 C:\EAGLE-7.1.0\ulp\clear-layer-in-lbr.ulp
F 1275873000 7772 C:\EAGLE-7.1.0\ulp\cmd-change-brd-width.ulp
F 1017274150 3180 C:\EAGLE-7.1.0\ulp\cmd-change-class.ulp
F 1208739600 10473 C:\EAGLE-7.1.0\ulp\cmd-change-swap-layer.ulp
F 1401674760 1644 C:\EAGLE-7.1.0\ulp\cmd-change-value-group.ulp
F 1165968980 7862 C:\EAGLE-7.1.0\ulp\cmd-draw-group.bmp
F 1165968980 7862 C:\EAGLE-7.1.0\ulp\cmd-draw-hole-ellipse-calcstep.bmp
F 1165968980 7862 C:\EAGLE-7.1.0\ulp\cmd-draw-hole-ellipse-degstep.bmp
F 1165968980 7862 C:\EAGLE-7.1.0\ulp\cmd-draw-hole-ellipse4-calcstep.bmp
F 1165968980 7862 C:\EAGLE-7.1.0\ulp\cmd-draw-hole-ellipse4-degstep.bmp
F 1165968980 7862 C:\EAGLE-7.1.0\ulp\cmd-draw-hole-none-calcstep.bmp
F 1165968980 7862 C:\EAGLE-7.1.0\ulp\cmd-draw-hole-none-degstep.bmp
F 1165968980 7862 C:\EAGLE-7.1.0\ulp\cmd-draw-hole-none.bmp
F 1165968980 7862 C:\EAGLE-7.1.0\ulp\cmd-draw-move-circle-match-calcstep.bmp
F 1165968980 7862 C:\EAGLE-7.1.0\ulp\cmd-draw-move-circle-match-degstep.bmp
F 1165968980 7862 C:\EAGLE-7.1.0\ulp\cmd-draw-move-circle-no_match-calcstep.bmp
F 1165968980 7862 C:\EAGLE-7.1.0\ulp\cmd-draw-move-circle-no_match-degstep.bmp
F 1165968980 7862 C:\EAGLE-7.1.0\ulp\cmd-draw-move-ellipse-match-calcstep.bmp
F 1165968980 7862 C:\EAGLE-7.1.0\ulp\cmd-draw-move-ellipse-match-degstep.bmp
F 1165968980 7862 C:\EAGLE-7.1.0\ulp\cmd-draw-move-ellipse-no_match-calcstep.bmp
F 1165968980 7862 C:\EAGLE-7.1.0\ulp\cmd-draw-move-ellipse-no_match-degstep.bmp
F 1165968980 7862 C:\EAGLE-7.1.0\ulp\cmd-draw-move-ellipse4-match-calcstep.bmp
F 1165968980 7862 C:\EAGLE-7.1.0\ulp\cmd-draw-move-ellipse4-match-degstep.bmp
F 1165968980 7862 C:\EAGLE-7.1.0\ulp\cmd-draw-move-ellipse4-no_match-calcstep.bmp
F 1165968980 7862 C:\EAGLE-7.1.0\ulp\cmd-draw-move-ellipse4-no_match-degstep.bmp
F 1165968980 7862 C:\EAGLE-7.1.0\ulp\cmd-draw-move-match-ellipse-none.bmp
F 1165968980 7862 C:\EAGLE-7.1.0\ulp\cmd-draw-move-match-none.bmp
F 1165968980 7862 C:\EAGLE-7.1.0\ulp\cmd-draw-move-no_match-ellipse-none.bmp
F 1165968980 7862 C:\EAGLE-7.1.0\ulp\cmd-draw-move-no_match-none.bmp
F 1165968980 7862 C:\EAGLE-7.1.0\ulp\cmd-draw-pad-ellipse-calcstep.bmp
F 1165968980 7862 C:\EAGLE-7.1.0\ulp\cmd-draw-pad-ellipse-degstep.bmp
F 1165968980 7862 C:\EAGLE-7.1.0\ulp\cmd-draw-pad-ellipse4-calcstep.bmp
F 1165968980 7862 C:\EAGLE-7.1.0\ulp\cmd-draw-pad-ellipse4-degstep.bmp
F 1165968980 7862 C:\EAGLE-7.1.0\ulp\cmd-draw-pad-none-calcstep.bmp
F 1165968980 7862 C:\EAGLE-7.1.0\ulp\cmd-draw-pad-none-degstep.bmp
F 1165968980 7862 C:\EAGLE-7.1.0\ulp\cmd-draw-pad-none.bmp
F 1165968980 7862 C:\EAGLE-7.1.0\ulp\cmd-draw-polygon-circle-calcstep.bmp
F 1165968980 7862 C:\EAGLE-7.1.0\ulp\cmd-draw-polygon-circle-degstep.bmp
F 1407726060 2707 C:\EAGLE-7.1.0\ulp\cmd-draw-polygon-contours-as-wire.ulp
F 1165968980 7862 C:\EAGLE-7.1.0\ulp\cmd-draw-polygon-ellipse-calcdeg.bmp
F 1165968980 7862 C:\EAGLE-7.1.0\ulp\cmd-draw-polygon-ellipse-calcstep.bmp
F 1165968980 7862 C:\EAGLE-7.1.0\ulp\cmd-draw-polygon-ellipse-degstep.bmp
F 1165968980 7862 C:\EAGLE-7.1.0\ulp\cmd-draw-polygon-ellipse-none.bmp
F 1165968980 7862 C:\EAGLE-7.1.0\ulp\cmd-draw-polygon-ellipse4-calcstep.bmp
F 1165968980 7862 C:\EAGLE-7.1.0\ulp\cmd-draw-polygon-ellipse4-degstep.bmp
F 1165968980 7862 C:\EAGLE-7.1.0\ulp\cmd-draw-polygon-ellipse4-none.bmp
F 1165968980 7862 C:\EAGLE-7.1.0\ulp\cmd-draw-polygon-none-calcstep.bmp
F 1165968980 7862 C:\EAGLE-7.1.0\ulp\cmd-draw-polygon-none.bmp
F 1165968980 7862 C:\EAGLE-7.1.0\ulp\cmd-draw-smd-circle-match-calcstep.bmp
F 1165968980 7862 C:\EAGLE-7.1.0\ulp\cmd-draw-smd-circle-match-degstep.bmp
F 1165968980 7862 C:\EAGLE-7.1.0\ulp\cmd-draw-smd-circle-no_match-calcstep.bmp
F 1165968980 7862 C:\EAGLE-7.1.0\ulp\cmd-draw-smd-cricle-no_match-degstep.bmp
F 1165968980 7862 C:\EAGLE-7.1.0\ulp\cmd-draw-smd-ellipse-match-calcstep.bmp
F 1165968980 7862 C:\EAGLE-7.1.0\ulp\cmd-draw-smd-ellipse-match-degstap.bmp
F 1165968980 7862 C:\EAGLE-7.1.0\ulp\cmd-draw-smd-ellipse-no_match-calcstep.bmp
F 1165968980 7862 C:\EAGLE-7.1.0\ulp\cmd-draw-smd-ellipse-no_match-degstep.bmp
F 1165968980 7862 C:\EAGLE-7.1.0\ulp\cmd-draw-smd-ellipse4-match-calcstep.bmp
F 1165968980 7862 C:\EAGLE-7.1.0\ulp\cmd-draw-smd-ellipse4-match-degstep.bmp
F 1165968980 7862 C:\EAGLE-7.1.0\ulp\cmd-draw-smd-ellipse4-no_match-calcstep.bmp
F 1165968980 7862 C:\EAGLE-7.1.0\ulp\cmd-draw-smd-ellipse4-no_match-degstep.bmp
F 1165968980 7862 C:\EAGLE-7.1.0\ulp\cmd-draw-smd-match-degstep.bmp
F 1165968980 7862 C:\EAGLE-7.1.0\ulp\cmd-draw-smd-match-none.bmp
F 1165968980 7862 C:\EAGLE-7.1.0\ulp\cmd-draw-smd-no_match-degsetp.bmp
F 1165968980 7862 C:\EAGLE-7.1.0\ulp\cmd-draw-smd-no_match-none.bmp
F 1165968980 7862 C:\EAGLE-7.1.0\ulp\cmd-draw-wire-calc-ellipse.bmp
F 1165968980 7862 C:\EAGLE-7.1.0\ulp\cmd-draw-wire-calcstep-none.bmp
F 1165968980 7862 C:\EAGLE-7.1.0\ulp\cmd-draw-wire-circle-calcstep.bmp
F 1165968980 7862 C:\EAGLE-7.1.0\ulp\cmd-draw-wire-circle-degstep.bmp
F 1165968980 7862 C:\EAGLE-7.1.0\ulp\cmd-draw-wire-clac-ellipse4.bmp
F 1165968980 7862 C:\EAGLE-7.1.0\ulp\cmd-draw-wire-degstep-none.bmp
F 1165968980 7862 C:\EAGLE-7.1.0\ulp\cmd-draw-wire-ellipse.bmp
F 1165968980 7862 C:\EAGLE-7.1.0\ulp\cmd-draw-wire-none.bmp
F 1165968980 7862 C:\EAGLE-7.1.0\ulp\cmd-draw-wire-step-ellipse.bmp
F 1165968980 7862 C:\EAGLE-7.1.0\ulp\cmd-draw-wire-step-ellipse4.bmp
F 1401674760 66282 C:\EAGLE-7.1.0\ulp\cmd-draw.ulp
F 1407726060 10040 C:\EAGLE-7.1.0\ulp\cmd-net-list2sch.ulp
F 1144023370 9179 C:\EAGLE-7.1.0\ulp\cmd-netscript2sch.ulp
F 1407726060 5867 C:\EAGLE-7.1.0\ulp\cmd-place-restrict-name-value.ulp
F 1165968980 1010 C:\EAGLE-7.1.0\ulp\cmd-rename-in-lbr.ulp
F 1059696660 26727 C:\EAGLE-7.1.0\ulp\cmd-renumber.ulp
F 1017274150 2532 C:\EAGLE-7.1.0\ulp\cmd-showzoom.ulp
F 1239671100 6673 C:\EAGLE-7.1.0\ulp\cmd-snap-board.ulp
F 1023062960 4460 C:\EAGLE-7.1.0\ulp\cmd-snappads.ulp
F 1407726060 11498 C:\EAGLE-7.1.0\ulp\connect-device-split-symbol.ulp
F 1407726060 2247 C:\EAGLE-7.1.0\ulp\copy-attribute-at-deviceset.ulp
F 1407726060 14709 C:\EAGLE-7.1.0\ulp\copy-layer-to-any-layer.ulp
F 1407726060 8342 C:\EAGLE-7.1.0\ulp\copy-silk-screen.ulp
F 1144023370 2955 C:\EAGLE-7.1.0\ulp\copy-text-as-wire.ulp
F 1407726060 11603 C:\EAGLE-7.1.0\ulp\copy-wire-to-solder-mask.ulp
F 1017274150 1404 C:\EAGLE-7.1.0\ulp\count.ulp
F 1407726060 1013 C:\EAGLE-7.1.0\ulp\del-devices.ulp
F 1017274150 1134 C:\EAGLE-7.1.0\ulp\del-empty-devices.ulp
F 1407726060 2419 C:\EAGLE-7.1.0\ulp\del-pack-sym.ulp
F 1165968980 904 C:\EAGLE-7.1.0\ulp\DESCRIPTION
F 1349661780 36354 C:\EAGLE-7.1.0\ulp\designlink-inc.ulp
F 1407726060 15879 C:\EAGLE-7.1.0\ulp\designlink-lbr.ulp
F 1357524240 26856 C:\EAGLE-7.1.0\ulp\designlink-order.ulp
F 1214874060 14431 C:\EAGLE-7.1.0\ulp\dif40.ulp
F 1407726060 4725 C:\EAGLE-7.1.0\ulp\dose-pro.ulp
F 1225069380 2397 C:\EAGLE-7.1.0\ulp\drill-aid.ulp
F 1017274150 3170 C:\EAGLE-7.1.0\ulp\drillcfg.ulp
F 1407726060 46323 C:\EAGLE-7.1.0\ulp\drillegend-stack.ulp
F 1401674760 50917 C:\EAGLE-7.1.0\ulp\dxf.ulp
F 1407726060 50669 C:\EAGLE-7.1.0\ulp\e-attributverwaltung.ulp
F 1292202660 15112 C:\EAGLE-7.1.0\ulp\e-bauteil-erstellen.ulp
F 1401674760 33225 C:\EAGLE-7.1.0\ulp\e-brueckenverwaltung.ulp
F 1263258420 40430 C:\EAGLE-7.1.0\ulp\e-klemmenplan.ulp
F 1214874060 10545 C:\EAGLE-7.1.0\ulp\e-makelist.ulp
F 1375841100 4115 C:\EAGLE-7.1.0\ulp\e-packages-aus-devices-pin-ist-padname.ulp
F 1017274150 12102 C:\EAGLE-7.1.0\ulp\eagle.bmp
F 1407726060 60340 C:\EAGLE-7.1.0\ulp\EagleIDFExporter.ulp
F 1357524240 8116 C:\EAGLE-7.1.0\ulp\edit-used-dev-pac-sym.ulp
F 1017274150 1516 C:\EAGLE-7.1.0\ulp\editnext-dev-sym-pac.ulp
F 1080087080 830 C:\EAGLE-7.1.0\ulp\editnext-lbr.ulp
F 1017274150 486 C:\EAGLE-7.1.0\ulp\editnext-sheet.ulp
F 1017274150 1505 C:\EAGLE-7.1.0\ulp\editprev-dev-sym-pac.ulp
F 1080087080 854 C:\EAGLE-7.1.0\ulp\editprev-lbr.ulp
F 1017274150 412 C:\EAGLE-7.1.0\ulp\editprev-sheet.ulp
F 1017274150 468 C:\EAGLE-7.1.0\ulp\ex-argv-path.ulp
F 1144023370 18696 C:\EAGLE-7.1.0\ulp\ex-dialogs.ulp
F 1017274150 718 C:\EAGLE-7.1.0\ulp\ex-dlglist.ulp
F 1017274150 757 C:\EAGLE-7.1.0\ulp\ex-file-copy.ulp
F 1269911280 623 C:\EAGLE-7.1.0\ulp\ex-include.ulp
F 1017274150 1781 C:\EAGLE-7.1.0\ulp\ex-input-file.ulp
F 1112055240 2296 C:\EAGLE-7.1.0\ulp\ex-loop-lbrs.ulp
F 1017274150 867 C:\EAGLE-7.1.0\ulp\ex-run-script.ulp
F 1017274150 2591 C:\EAGLE-7.1.0\ulp\exp-descr-html.ulp
F 1017274150 2995 C:\EAGLE-7.1.0\ulp\exp-descr-script.ulp
F 1407726060 26720 C:\EAGLE-7.1.0\ulp\exp-lbrs.ulp
F 1214874060 10795 C:\EAGLE-7.1.0\ulp\exp2image.ulp
F 1375841100 78142 C:\EAGLE-7.1.0\ulp\export-3d.ulp
F 1323738720 2678 C:\EAGLE-7.1.0\ulp\export-class.ulp
F 1214874060 2853 C:\EAGLE-7.1.0\ulp\export-ict-netlist-pad-coordinates.ulp
F 1401674760 47907 C:\EAGLE-7.1.0\ulp\fabmaster.ulp
F 1401674760 38164 C:\EAGLE-7.1.0\ulp\Felicitas_PCBSim.ulp
F 1080087080 3368 C:\EAGLE-7.1.0\ulp\fill-via4vacuum.ulp
F 1407726060 16589 C:\EAGLE-7.1.0\ulp\find-single-ended-wire.ulp
F 1407726060 47543 C:\EAGLE-7.1.0\ulp\find.ulp
F 1407726060 5508 C:\EAGLE-7.1.0\ulp\gen-3d-idf-pac.ulp
F 1401674760 41082 C:\EAGLE-7.1.0\ulp\generate-3d-idf-data.ulp
F 1407726060 5001 C:\EAGLE-7.1.0\ulp\generate-dummy-package-and-connect.ulp
F 1407726060 4092 C:\EAGLE-7.1.0\ulp\gluemark.ulp
F 1017274150 1300 C:\EAGLE-7.1.0\ulp\glueout.ulp
F 1357524240 75084 C:\EAGLE-7.1.0\ulp\hyperlynx.ulp
F 1405306800 297365 C:\EAGLE-7.1.0\ulp\import-accel.ulp
F 1017274150 82254 C:\EAGLE-7.1.0\ulp\import-bmp-c256.bmp
F 1017274150 9118 C:\EAGLE-7.1.0\ulp\import-bmp-dpi.bmp
F 1017274150 9118 C:\EAGLE-7.1.0\ulp\import-bmp-ratio.bmp
F 1017274150 9118 C:\EAGLE-7.1.0\ulp\import-bmp-scale.bmp
F 1407726060 40359 C:\EAGLE-7.1.0\ulp\import-bmp.ulp
F 1401674760 48635 C:\EAGLE-7.1.0\ulp\import-pads-powerpcb-v5.ulp
F 1017274150 58450 C:\EAGLE-7.1.0\ulp\import-ultiboard-ddf.ulp
F 1334282520 5430 C:\EAGLE-7.1.0\ulp\ipc-d-356.ulp
F 1375841100 321 C:\EAGLE-7.1.0\ulp\layer-sequence-arrowdown.png
F 1375841100 310 C:\EAGLE-7.1.0\ulp\layer-sequence-arrowup.png
F 1401674760 13022 C:\EAGLE-7.1.0\ulp\layer-sequence.ulp
F 1059696660 5577 C:\EAGLE-7.1.0\ulp\length-freq-ri.ulp
F 1375841100 7706 C:\EAGLE-7.1.0\ulp\length.ulp
F 1375841100 38758 C:\EAGLE-7.1.0\ulp\lpp.ulp
F 1401674760 195229 C:\EAGLE-7.1.0\ulp\ltspice.ulp
F 1323738720 11010 C:\EAGLE-7.1.0\ulp\make-group2pac.ulp
F 1375841100 8677 C:\EAGLE-7.1.0\ulp\make-long-pad-inner-layer.ulp
F 1323738720 4597 C:\EAGLE-7.1.0\ulp\make-package-consistent-brd-sch.ulp
F 1401674760 144900 C:\EAGLE-7.1.0\ulp\make-symbol-device-package-bsdl.ulp
F 1357524240 18771 C:\EAGLE-7.1.0\ulp\make-value-consistent.ulp
F 1165968980 28278 C:\EAGLE-7.1.0\ulp\make_bga_package.bmp
F 1323738720 2134 C:\EAGLE-7.1.0\ulp\make_package_dual.bmp
F 1323738720 5422 C:\EAGLE-7.1.0\ulp\make_package_meass_pacinfo.bmp
F 1323738720 5422 C:\EAGLE-7.1.0\ulp\make_package_meass_pacinfo2.bmp
F 1323738720 5638 C:\EAGLE-7.1.0\ulp\make_package_meass_padinfo-oct.bmp
F 1323738720 5638 C:\EAGLE-7.1.0\ulp\make_package_meass_padinfo-round.bmp
F 1323738720 5638 C:\EAGLE-7.1.0\ulp\make_package_meass_padinfo-sqr.bmp
F 1323738720 5638 C:\EAGLE-7.1.0\ulp\make_package_meass_smdinfo.bmp
F 1323738720 2134 C:\EAGLE-7.1.0\ulp\make_package_quad_left.bmp
F 1323738720 2134 C:\EAGLE-7.1.0\ulp\make_package_quad_middle.bmp
F 1102983190 3118 C:\EAGLE-7.1.0\ulp\make_symbol_dual1.bmp
F 1102983190 3118 C:\EAGLE-7.1.0\ulp\make_symbol_dual2.bmp
F 1102983190 3118 C:\EAGLE-7.1.0\ulp\make_symbol_quad.bmp
F 1102983190 3118 C:\EAGLE-7.1.0\ulp\make_symbol_single.bmp
F 1165968980 3118 C:\EAGLE-7.1.0\ulp\make_symbol_stripe.bmp
F 1275873000 35758 C:\EAGLE-7.1.0\ulp\maskdata.ulp
F 1134346560 42118 C:\EAGLE-7.1.0\ulp\microstrip-radial-stub.bmp
F 1134346560 10461 C:\EAGLE-7.1.0\ulp\microstrip-radial-stub.ulp
F 1059696660 16078 C:\EAGLE-7.1.0\ulp\mill-outlines-bott.bmp
F 1134346560 23638 C:\EAGLE-7.1.0\ulp\mill-outlines-cnc-dim-down.bmp
F 1102983190 16078 C:\EAGLE-7.1.0\ulp\mill-outlines-cnc-down.bmp
F 1102983190 16078 C:\EAGLE-7.1.0\ulp\mill-outlines-cnc-drill-down.bmp
F 1102983190 16078 C:\EAGLE-7.1.0\ulp\mill-outlines-cnc-drill-safety.bmp
F 1102983190 16078 C:\EAGLE-7.1.0\ulp\mill-outlines-cnc-fastvelocity.bmp
F 1134346560 16278 C:\EAGLE-7.1.0\ulp\mill-outlines-cnc-parkposition.bmp
F 1102983190 16078 C:\EAGLE-7.1.0\ulp\mill-outlines-cnc-rpm.bmp
F 1102983190 16078 C:\EAGLE-7.1.0\ulp\mill-outlines-cnc-safety.bmp
F 1102983190 16078 C:\EAGLE-7.1.0\ulp\mill-outlines-cnc-up.bmp
F 1102983190 16078 C:\EAGLE-7.1.0\ulp\mill-outlines-cnc-velocity.bmp
F 1080087080 16078 C:\EAGLE-7.1.0\ulp\mill-outlines-cnc.bmp
F 1017274150 16278 C:\EAGLE-7.1.0\ulp\mill-outlines-coppdim.bmp
F 1269911280 14070 C:\EAGLE-7.1.0\ulp\mill-outlines-dimension-contours.bmp
F 1059696660 2806 C:\EAGLE-7.1.0\ulp\mill-outlines-drc-info.bmp
F 1102983190 16078 C:\EAGLE-7.1.0\ulp\mill-outlines-drill-velocity.bmp
F 1102983190 16078 C:\EAGLE-7.1.0\ulp\mill-outlines-drill.bmp
F 1017274150 16078 C:\EAGLE-7.1.0\ulp\mill-outlines-eagle.bmp
F 1017274150 16078 C:\EAGLE-7.1.0\ulp\mill-outlines-free.bmp
F 1323738720 16278 C:\EAGLE-7.1.0\ulp\mill-outlines-get_board_zero.bmp
F 1017274150 16078 C:\EAGLE-7.1.0\ulp\mill-outlines-hole.bmp
F 1059696660 16078 C:\EAGLE-7.1.0\ulp\mill-outlines-hpgl.bmp
F 1269911280 15478 C:\EAGLE-7.1.0\ulp\mill-outlines-inner-polygon-contour.bmp
F 1269911280 15478 C:\EAGLE-7.1.0\ulp\mill-outlines-inner-polygon-contour1.bmp
F 1102983190 31094 C:\EAGLE-7.1.0\ulp\mill-outlines-inside-milling.bmp
F 1102983190 16078 C:\EAGLE-7.1.0\ulp\mill-outlines-isel.bmp
F 1059696660 16078 C:\EAGLE-7.1.0\ulp\mill-outlines-isol-pour.bmp
F 1059696660 16278 C:\EAGLE-7.1.0\ulp\mill-outlines-mildimension.bmp
F 1091578380 9238 C:\EAGLE-7.1.0\ulp\mill-outlines-mirror-nc-bottom.bmp
F 1091578380 9238 C:\EAGLE-7.1.0\ulp\mill-outlines-mirror-nc-top.bmp
F 1017274150 16078 C:\EAGLE-7.1.0\ulp\mill-outlines-mirror.bmp
F 1323738720 15318 C:\EAGLE-7.1.0\ulp\mill-outlines-multi-dimension.bmp
F 1059696660 16078 C:\EAGLE-7.1.0\ulp\mill-outlines-no-blowup.bmp
F 1017274150 16078 C:\EAGLE-7.1.0\ulp\mill-outlines-nomir.bmp
F 1323738720 17798 C:\EAGLE-7.1.0\ulp\mill-outlines-null_reference-drilling.bmp
F 1323738720 17798 C:\EAGLE-7.1.0\ulp\mill-outlines-null_reference.bmp
F 1017274150 16078 C:\EAGLE-7.1.0\ulp\mill-outlines-ovrlpfp.bmp
F 1323738720 16078 C:\EAGLE-7.1.0\ulp\mill-outlines-ovrlppp.bmp
F 1119312900 16078 C:\EAGLE-7.1.0\ulp\mill-outlines-plus-text.bmp
F 1017274150 16078 C:\EAGLE-7.1.0\ulp\mill-outlines-pour.bmp
F 1091578380 7918 C:\EAGLE-7.1.0\ulp\mill-outlines-question.bmp
F 1323738720 16078 C:\EAGLE-7.1.0\ulp\mill-outlines-resolution.bmp
F 1059696660 16078 C:\EAGLE-7.1.0\ulp\mill-outlines-script.bmp
F 1091578380 16078 C:\EAGLE-7.1.0\ulp\mill-outlines-sec-isol.bmp
F 1059696660 16078 C:\EAGLE-7.1.0\ulp\mill-outlines-sec-isolate.bmp
F 1017274150 16078 C:\EAGLE-7.1.0\ulp\mill-outlines-spacing.bmp
F 1059696660 16078 C:\EAGLE-7.1.0\ulp\mill-outlines-top.bmp
F 1017274150 16078 C:\EAGLE-7.1.0\ulp\mill-outlines-via.bmp
F 1375841100 1609 C:\EAGLE-7.1.0\ulp\mill-outlines.def
F 1375841100 266457 C:\EAGLE-7.1.0\ulp\mill-outlines.ulp
F 1323738720 17246 C:\EAGLE-7.1.0\ulp\mirror-board-remirror-element-swap-layer.ulp
F 1263258420 9243 C:\EAGLE-7.1.0\ulp\mirror-board.ulp
F 1334282520 2025 C:\EAGLE-7.1.0\ulp\mkdir.ulp
F 1401674760 2828 C:\EAGLE-7.1.0\ulp\mount-marks-smd.ulp
F 1401674760 2554 C:\EAGLE-7.1.0\ulp\mount-marks.ulp
F 1292202660 10288 C:\EAGLE-7.1.0\ulp\mount-trace.ulp
F 1349661780 1624 C:\EAGLE-7.1.0\ulp\mount.ulp
F 1349661780 2621 C:\EAGLE-7.1.0\ulp\mountsmd.ulp
F 1375841100 8190 C:\EAGLE-7.1.0\ulp\net-bus-labeling.ulp
F 1292202660 15714 C:\EAGLE-7.1.0\ulp\netlist-converter.ulp
F 1017274150 958 C:\EAGLE-7.1.0\ulp\nextdevdescript.ulp
F 1017274150 1000 C:\EAGLE-7.1.0\ulp\nextpacdescript.ulp
F 1231376640 8728 C:\EAGLE-7.1.0\ulp\normalize-text.ulp
F 1080087080 12627 C:\EAGLE-7.1.0\ulp\outlines.ulp
F 1165968980 3972 C:\EAGLE-7.1.0\ulp\panelize.ulp
F 1017274150 2868 C:\EAGLE-7.1.0\ulp\part2html.ulp
F 1349661780 27750 C:\EAGLE-7.1.0\ulp\pcb-service.ulp
F 1017274150 952 C:\EAGLE-7.1.0\ulp\prevdevdescript.ulp
F 1017274150 947 C:\EAGLE-7.1.0\ulp\prevpacdescript.ulp
F 1112055240 66758 C:\EAGLE-7.1.0\ulp\print-inductor-ulp.bmp
F 1112055240 23719 C:\EAGLE-7.1.0\ulp\print-inductor.ulp
F 1112055240 66758 C:\EAGLE-7.1.0\ulp\print-spiral.bmp
F 1375841100 14193 C:\EAGLE-7.1.0\ulp\print-transparent-brd.ulp
F 1017274150 2031 C:\EAGLE-7.1.0\ulp\remove-dev-sym-pac.ulp
F 1323738720 5622 C:\EAGLE-7.1.0\ulp\remove-unused-packages.ulp
F 1214874060 1205 C:\EAGLE-7.1.0\ulp\rename-signal.ulp
F 1112055240 3198 C:\EAGLE-7.1.0\ulp\renamnet-suffix.ulp
F 1401674760 25770 C:\EAGLE-7.1.0\ulp\renumber-sheet.ulp
F 1225069380 671 C:\EAGLE-7.1.0\ulp\run-loop-all-devicesets-script.ulp
F 1144023370 948 C:\EAGLE-7.1.0\ulp\run-loop-all-lbr-script.ulp
F 1144023370 1042 C:\EAGLE-7.1.0\ulp\run-loop-all-lbr-ulp.ulp
F 1225069380 660 C:\EAGLE-7.1.0\ulp\run-loop-all-packages-script.ulp
F 1323738720 852 C:\EAGLE-7.1.0\ulp\run-loop-all-schematic-script.ulp
F 1225069380 657 C:\EAGLE-7.1.0\ulp\run-loop-all-symbols-script.ulp
F 1375841100 1801 C:\EAGLE-7.1.0\ulp\select-sch-group-to-brd-group.ulp
F 1225069380 4761 C:\EAGLE-7.1.0\ulp\set-all-devices-attribute.ulp
F 1134346560 1169 C:\EAGLE-7.1.0\ulp\set_name_value.ulp
F 1334282520 768 C:\EAGLE-7.1.0\ulp\show-group.ulp
F 1375841100 4492 C:\EAGLE-7.1.0\ulp\showclass.ulp
F 1080087080 6706 C:\EAGLE-7.1.0\ulp\silk.ulp
F 1017274150 1273 C:\EAGLE-7.1.0\ulp\smash-all-sch.ulp
F 1017274150 2670 C:\EAGLE-7.1.0\ulp\smd-coordinate.ulp
F 1059696660 10434 C:\EAGLE-7.1.0\ulp\snap-on-grid-sch.ulp
F 1080087080 1094 C:\EAGLE-7.1.0\ulp\snap-pin-in-symbol.ulp
F 1357524240 7915 C:\EAGLE-7.1.0\ulp\spiceorder.ulp
F 1375841100 3236 C:\EAGLE-7.1.0\ulp\spin-all.ulp
F 1059696660 19990 C:\EAGLE-7.1.0\ulp\spiral-coil-ulp.bmp
F 1112055240 15196 C:\EAGLE-7.1.0\ulp\spiral-coil.ulp
F 1165968980 7341 C:\EAGLE-7.1.0\ulp\split-device-symbol.ulp
F 1091578380 86 C:\EAGLE-7.1.0\ulp\statistic-brd-checkmin.val
F 1357524240 90535 C:\EAGLE-7.1.0\ulp\statistic-brd.ulp
F 1275873000 16126 C:\EAGLE-7.1.0\ulp\statistic-copper-plane.ulp
F 1375841100 22256 C:\EAGLE-7.1.0\ulp\statistic-lbr.ulp
F 1208739600 20680 C:\EAGLE-7.1.0\ulp\statistic-sch.ulp
F 1017274150 198 C:\EAGLE-7.1.0\ulp\statistic_attention_min_value.bmp
F 1334282520 26894 C:\EAGLE-7.1.0\ulp\teardrops.ulp
F 1208739600 2829 C:\EAGLE-7.1.0\ulp\trace-layer.ulp
F 1059696660 356 C:\EAGLE-7.1.0\ulp\ulpmessage.ulp
F 1401674760 36173 C:\EAGLE-7.1.0\ulp\unidat.ulp
F 1080087080 296 C:\EAGLE-7.1.0\ulp\update-packages.ulp
F 1017274150 1829 C:\EAGLE-7.1.0\ulp\useful-routines.ulp
F 1401674760 8668 C:\EAGLE-7.1.0\ulp\via-mask-one-layer.ulp
F 1017274150 1126 C:\EAGLE-7.1.0\ulp\warning.bmp
F 0 0 C:\EAGLE-7.1.0\bin\eagle.key
F 1407726060 14884864 C:\EAGLE-7.1.0\bin\eaglecon.exe
R HKEY_LOCAL_MACHINE\Software\CadSoft\EAGLE\7.1.0
R HKEY_LOCAL_MACHINE\Software\Microsoft\Windows\CurrentVersion\App Paths\eagle.exe
R HKEY_CLASSES_ROOT\Applications\eagle.exe\shell\open\command
R HKEY_LOCAL_MACHINE\Software\Microsoft\Windows\CurrentVersion\Uninstall\EAGLE 7.1.0
D C:\ProgramData\Microsoft\Windows\Start Menu\Programs\EAGLE Layout Editor 7.1.0
F 0 0 C:\ProgramData\Microsoft\Windows\Start Menu\Programs\EAGLE Layout Editor 7.1.0\EAGLE 7.1.0.lnk
F 0 0 C:\ProgramData\Microsoft\Windows\Start Menu\Programs\EAGLE Layout Editor 7.1.0\Manual.lnk
F 0 0 C:\ProgramData\Microsoft\Windows\Start Menu\Programs\EAGLE Layout Editor 7.1.0\Tutorial.lnk
F 0 0 C:\ProgramData\Microsoft\Windows\Start Menu\Programs\EAGLE Layout Editor 7.1.0\Update Documentation.lnk
F 0 0 C:\ProgramData\Microsoft\Windows\Start Menu\Programs\EAGLE Layout Editor 7.1.0\Readme.lnk
